22:13:38    62 --> ...                                                  [tcl] ucliGUI::start /afs/ece.cmu.edu/usr/araghave/18632/lab2/18632_lab2_checkpoint1_v1/aes_128_lab2_v2/simv -ucligui 
22:13:38    63 --> ...                                                      [tcl] set ucliGUI::state
22:13:38    64 --> ...                                                          [tcl] gui_update_simulator_buttons
22:13:39    65 --> ...                                                              [tcl] set ucliGUI::state
22:13:39    66 --> ...                                                                  [tcl] ucliCore::getToolPID
22:13:39    67 --> ...                                                                      [tcl] synopsys::env hasTB
22:13:39    68 --> ...                                                                          [tcl] trigger_hier_stack_context_switch 0
22:13:39    69 --> ...                                                                              [tcl] synUtils::setDVEInitPhase 1
22:13:39    70 --> ...                                                                                  [tcl] gui_get_env SIMSETUP::SIMVPD
22:13:39    71 --> ...                                                                                      [tcl] synopsys::dump -type VPD -file /afs/ece.cmu.edu/usr/araghave/18632/lab2/18632_lab2_checkpoint1_v1/aes_128_lab2_v2/inter.vpd -locking
22:13:39    72 --> ...                                                                                          [tcl] synopsys::dump -autoflush on -fid VPD1
22:13:39    73 --> ...                                                                                              [tcl] set ::dve_fid VPD1
22:13:39    74 --> ...                                                                                                  [tcl] synUtils::setDVEInitPhase 0
22:13:39    75 --> ...  [tcl] ucliCore::getToolPID
22:13:39    76 --> ...      [tcl] synUtils::sendTool -active _icl_setToolSocket /tmp/smlnp1G7Dvi
22:13:39    77 --> ...          [tcl] synUtils::sendTool -active {_icl_start_rpc -version "T-2022.06_Full64" -sync_file /tmp/vcs_dve_rpc.araghave.26149}
22:13:40    78 --> ...              [tcl] synUtils::sendTool -active {_icl_createSharedMemory /tmp/vcs_dve_general.araghave.26149}
22:13:40    79 --> ...                  [tcl] config endofsim noexit
22:13:40    80 --> ...                      [tcl] config onfail enable all
22:13:40    81 --> ...                          [tcl] config syscaddplainmembers
22:13:40    82 --> ...                              [tcl] config syscaddsourcenames
22:13:40    83 --> ...                                  [tcl] config syscaddstructtypes
22:13:40    84 --> ...                                      [tcl] synopsys::listing -disable
22:13:40    85 --> ...                                          [tcl] # Begin_DVE_Session_Save_Info
22:13:40    86 --> ...                                              [tcl] # DVE restart session
22:13:40    87 --> ...                                                  [tcl] # Saved on Sun Apr 9 22:13:38 2023
22:13:40    88 --> ...                                                      [tcl] # Designs open: 1
22:13:40    89 --> ...                                                          [tcl] #   Sim: /afs/ece.cmu.edu/usr/araghave/18632/lab2/18632_lab2_checkpoint1_v1/aes_128_lab2_v2/simv
22:13:40    90 --> ...                                                              [tcl] # Toplevel windows open: 2
22:13:40    91 --> ...                                                                  [tcl] # 	TopLevel.1
22:13:40    92 --> ...                                                                      [tcl] # 	TopLevel.2
22:13:40    93 --> ...                                                                          [tcl] #   Source.1: aes_tb
22:13:40    94 --> ...                                                                              [tcl] #   Wave.1: 17 signals
22:13:40    95 --> ...                                                                                  [tcl] #   Group count = 1
22:13:40    96 --> ...                                                                                      [tcl] #   Group Group1 signal count = 17
22:13:40    97 --> ...                                                                                          [tcl] # End_DVE_Session_Save_Info
22:13:40    98 --> ...                                                                                              [tcl] # DVE version: T-2022.06_Full64
22:13:40    99 --> ...                                                                                                  [tcl] # DVE build date: May 31 2022 20:53:03
22:13:40    100 --> ...  [tcl] #<Session mode="Restart" path=".restartSimSession.tcl" type="Debug">
22:13:40    101 --> ...      [tcl] gui_set_loading_session_type Restart
22:13:40    102 --> ...          [tcl] gui_continuetime_set
22:13:40    103 --> ...              [tcl] gui_clear_window -type Wave
22:13:40    104 --> ...                  [tcl] gui_clear_window -type List
22:13:40    105 --> ...                      [tcl] # Application preferences
22:13:40    106 --> ...                          [tcl] gui_set_pref_value -key app_default_font -value {Helvetica,10,-1,5,50,0,0,0,0,0}
22:13:40    107 --> ...                              [tcl] gui_src_preferences -tabstop 8 -maxbits 24 -windownumber 1
22:13:40    108 --> ...                                  [tcl] #<WindowLayout>
22:13:40    109 --> ...                                      [tcl] # DVE top-level session
22:13:40    110 --> ...                                          [tcl] # Create and position top-level window: TopLevel.1
22:13:40    111 --> ...                                              [tcl] set TopLevel.1 TopLevel.1
22:13:40    112 --> ...                                                  [tcl] # Docked window settings
22:13:40    113 --> ...                                                      [tcl] set HSPane.1 HSPane.1
22:13:40    114 --> ...                                                          [tcl] set Hier.1 Hier.1
22:13:40    115 --> ...                                                              [tcl] set DLPane.1 DLPane.1
22:13:40    116 --> ...                                                                  [tcl] set Data.1 Data.1
22:13:40    117 --> ...                                                                      [tcl] set Console.1 Console.1
22:13:40    118 --> ...                                                                          [tcl] gui_sync_global -id ${TopLevel.1} -option true
22:13:40    119 --> ...                                                                              [tcl] # MDI window settings
22:13:40    120 --> ...                                                                                  [tcl] set Source.1 Source.1
22:13:40    121 --> ...                                                                                      [tcl] gui_update_layout -id ${Source.1} {{show_state maximized} {dock_state undocked} {dock_on_new_line false}}
22:13:40    122 --> ...                                                                                          [tcl] # End MDI window settings
22:13:40    123 --> ...                                                                                              [tcl] # Create and position top-level window: TopLevel.2
22:13:40    124 --> ...                                                                                                  [tcl] set TopLevel.2 TopLevel.2
22:13:40    125 --> ...  [tcl] # Docked window settings
22:13:40    126 --> ...      [tcl] gui_sync_global -id ${TopLevel.2} -option true
22:13:40    127 --> ...          [tcl] # MDI window settings
22:13:40    128 --> ...              [tcl] set Wave.1 Wave.1
22:13:40    129 --> ...                  [tcl] gui_update_layout -id ${Wave.1} {{show_state maximized} {dock_state undocked} {dock_on_new_line false} {child_wave_left 555} {child_wave_right 1353} {child_wave_colname 275} {child_wave_colvalue 275} {child_wave_col1 0} {child_wave_col2 1}}
22:13:40    130 --> ...                      [tcl] # End MDI window settings
22:13:40    131 --> ...                          [tcl] #</WindowLayout>
22:13:40    132 --> ...                              [tcl] #<Database>
22:13:40    133 --> ...                                  [tcl] gui_set_precision 1ps
22:13:40    134 --> ...                                      [tcl] gui_set_time_units 1ps
22:13:40    135 --> ...                                          [tcl] #</Database>
22:13:40    136 --> ...                                              [tcl] # DVE Global setting session:
22:13:40    137 --> ...                                                  [tcl] # Global: Breakpoints
22:13:40    138 --> ...                                                      [tcl] # Global: Bus
22:13:40    139 --> ...                                                          [tcl] # Global: Expressions
22:13:40    140 --> ...                                                              [tcl] # Global: Signal Time Shift
22:13:40    141 --> ...                                                                  [tcl] # Global: Signal Compare
22:13:40    142 --> ...                                                                      [tcl] # Global: Signal Groups
22:13:40    143 --> ...                                                                          [tcl] gui_load_child_values {aes_tb}
22:13:40    144 --> ...                                                                              [tcl] synopsys::dump -add {aes_tb} -scope "." -depth 1 -fid VPD1
22:13:40    145 --> ...                                                                                  [tcl] set _session_group_1 Group1
22:13:40    146 --> ...                                                                                      [tcl] gui_sg_create "$_session_group_1"
22:13:40    147 --> ...                                                                                          [tcl] set Group1 "$_session_group_1"
22:13:40    148 --> ...                                                                                              [tcl] gui_sg_addsignal -group "$_session_group_1" { aes_tb.clk aes_tb.ok aes_tb.ready aes_tb.num_iters aes_tb.plain_text aes_tb.input_key aes_tb.cipher_text aes_tb.rst_ aes_tb.e128 aes_tb.first_round aes_tb.vectornum aes_tb.errors aes_tb.count aes_tb.testvectors aes_tb.testvectors1 aes_tb.testvectors2 aes_tb.u1.round_cnt }
22:13:40    149 --> ...                                                                                                  [tcl] # Global: Highlighting
22:13:40    150 --> ...  [tcl] # Global: Stack
22:13:40    151 --> ...      [tcl] gui_change_stack_mode -mode list
22:13:40    152 --> ...          [tcl] synopsys::xml {set_only_active_frame <data value="1" />}
22:13:40    153 --> ...              [tcl] # Post database loading setting...
22:13:40    154 --> ...                  [tcl] # Save global setting...
22:13:40    155 --> ...                      [tcl] # Wave/List view global setting
22:13:40    156 --> ...                          [tcl] gui_cov_show_value -switch false
22:13:40    157 --> ...                              [tcl] # Close all empty TopLevel windows
22:13:40    158 --> ...                                  [tcl] foreach __top [gui_ekki_get_window_ids -type TopLevel] {     if { [llength [gui_ekki_get_window_ids -parent $__top]] == 0} {         gui_close_window -window $__top     } }
22:13:40    159 --> ...                                      [tcl] gui_set_loading_session_type noSession
22:13:40    160 --> ...                                          [tcl] # DVE View/pane content session:
22:13:40    161 --> ...                                              [tcl] # Hier 'Hier.1'
22:13:40    162 --> ...                                                  [tcl] gui_show_window -window ${Hier.1}
22:13:40    163 --> ...                                                      [tcl] gui_list_set_filter -id ${Hier.1} -list { {Package 1} {All 0} {Process 1} {VirtPowSwitch 0} {UnnamedProcess 1} {UDP 0} {Function 1} {Block 1} {SrsnAndSpaCell 0} {OVA Unit 1} {LeafScCell 1} {LeafVlgCell 1} {Interface 1} {LeafVhdCell 1} {$unit 1} {NamedBlock 1} {Task 1} {VlgPackage 1} {ClassDef 1} {VirtIsoCell 0} }
22:13:40    164 --> ...                                                          [tcl] gui_list_set_filter -id ${Hier.1} -text {*}
22:13:40    165 --> ...                                                              [tcl] gui_change_design -id ${Hier.1} -design Sim
22:13:40    166 --> ...                                                                  [tcl] catch {gui_list_expand -id ${Hier.1} aes_tb}
22:13:40    167 --> ...                                                                      [tcl] catch {gui_list_select -id ${Hier.1} {aes_tb.u1}}
22:13:40    168 --> ...                                                                          [tcl] dveMisc::vbusExpand aes_tb.u1
22:13:40    169 --> ...                                                                              [tcl] gui_view_scroll -id ${Hier.1} -vertical -set 0
22:13:40    170 --> ...                                                                                  [tcl] gui_view_scroll -id ${Hier.1} -horizontal -set 0
22:13:40    171 --> ...                                                                                      [tcl] # Data 'Data.1'
22:13:40    172 --> ...                                                                                          [tcl] gui_list_set_filter -id ${Data.1} -list { {Buffer 1} {Input 1} {Others 1} {Linkage 1} {Output 1} {LowPower 1} {Parameter 1} {All 1} {Aggregate 1} {LibBaseMember 1} {Event 1} {Assertion 1} {Constant 1} {Interface 1} {BaseMembers 1} {Signal 1} {$unit 1} {Inout 1} {Variable 1} }
22:13:40    173 --> ...                                                                                              [tcl] gui_list_set_filter -id ${Data.1} -text {*}
22:13:40    174 --> ...                                                                                                  [tcl] gui_list_show_data -id ${Data.1} {aes_tb.u1}
22:13:40    175 --> ...  [tcl] gui_show_window -window ${Data.1}
22:13:40    176 --> ...      [tcl] catch { gui_list_select -id ${Data.1} {aes_tb.u1.round_cnt }}
22:13:40    177 --> ...          [tcl] gui_view_scroll -id ${Data.1} -vertical -set 0
22:13:40    178 --> ...              [tcl] gui_view_scroll -id ${Data.1} -horizontal -set 0
22:13:40    179 --> ...                  [tcl] gui_view_scroll -id ${Hier.1} -vertical -set 0
22:13:40    180 --> ...                      [tcl] gui_view_scroll -id ${Hier.1} -horizontal -set 0
22:13:40    181 --> ...                          [tcl] # Source 'Source.1'
22:13:40    182 --> ...                              [tcl] gui_src_value_annotate -id ${Source.1} -switch false
22:13:40    183 --> ...                                  [tcl] gui_set_env TOGGLE::VALUEANNOTATE 0
22:13:40    184 --> ...                                      [tcl] gui_open_source -id ${Source.1}  -replace -active aes_tb /afs/ece.cmu.edu/usr/araghave/18632/lab2/18632_lab2_checkpoint1_v1/aes_128_lab2_v2/aes_tb.v
22:13:40    185 --> ...                                          [tcl] gui_view_scroll -id ${Source.1} -vertical -set 2160
22:13:40    186 --> ...                                              [tcl] gui_src_set_reusable -id ${Source.1}
22:13:40    187 --> ...                                                  [tcl] # View 'Wave.1'
22:13:40    188 --> ...                                                      [tcl] gui_wv_sync -id ${Wave.1} -switch false
22:13:40    189 --> ...                                                          [tcl] set groupExD [gui_get_pref_value -category Wave -key exclusiveSG]
22:13:40    190 --> ...                                                              [tcl] gui_set_pref_value -category Wave -key exclusiveSG -value {false}
22:13:40    191 --> ...                                                                  [tcl] set origWaveHeight [gui_get_pref_value -category Wave -key waveRowHeight]
22:13:40    192 --> ...                                                                      [tcl] gui_list_set_height -id Wave -height 25
22:13:40    193 --> ...                                                                          [tcl] set origGroupCreationState [gui_list_create_group_when_add -wave]
22:13:40    194 --> ...                                                                              [tcl] gui_list_create_group_when_add -wave -disable
22:13:40    195 --> ...                                                                                  [tcl] gui_wv_zoom_timerange -id ${Wave.1} 0 3403000
22:13:40    196 --> ...                                                                                      [tcl] gui_list_add_group -id ${Wave.1} -after {New Group} {Group1}
22:13:40    197 --> ...                                                                                          [tcl] synopsys::dump -add {aes_tb.testvectors aes_tb.testvectors1 aes_tb.testvectors2 aes_tb.u1.round_cnt } -aggregates  -fid VPD1
22:13:40    198 --> ...                                                                                              [tcl] gui_list_select -id ${Wave.1} {aes_tb.errors }
22:13:40    199 --> ...                                                                                                  [tcl] gui_seek_criteria -id ${Wave.1} {Any Edge}
22:13:40    200 --> ...  [tcl] gui_set_env TOGGLE::DEFAULT_WAVE_WINDOW ${Wave.1}
22:13:40    201 --> ...      [tcl] gui_set_pref_value -category Wave -key exclusiveSG -value $groupExD
22:13:40    202 --> ...          [tcl] gui_list_set_height -id Wave -height $origWaveHeight
22:13:40    203 --> ...              [tcl] if {$origGroupCreationState} { 	gui_list_create_group_when_add -wave -enable }
22:13:40    204 --> ...                  [tcl] if { $groupExD } {  gui_msg_report -code DVWW028 }
22:13:40    205 --> ...                      [tcl] gui_list_set_filter -id ${Wave.1} -list { {Buffer 1} {Input 1} {Others 1} {Linkage 1} {Output 1} {Parameter 1} {All 1} {Aggregate 1} {LibBaseMember 1} {Event 1} {Assertion 1} {Constant 1} {Interface 1} {BaseMembers 1} {Signal 1} {$unit 1} {Inout 1} {Variable 1} }
22:13:40    206 --> ...                          [tcl] gui_list_set_filter -id ${Wave.1} -text {*}
22:13:40    207 --> ...                              [tcl] gui_list_set_insertion_bar  -id ${Wave.1} -group Group1  -position in
22:13:40    208 --> ...                                  [tcl] gui_view_scroll -id ${Wave.1} -vertical -set 0
22:13:40    209 --> ...                                      [tcl] gui_show_grid -id ${Wave.1} -enable false
22:13:40    210 --> ...                                          [tcl] # Restore toplevel window zorder
22:13:40    211 --> ...                                              [tcl] # The toplevel window could be closed if it has no view/pane
22:13:40    212 --> ...                                                  [tcl] if {[gui_exist_window -window ${TopLevel.2}]} { 	gui_set_active_window -window ${TopLevel.2} 	gui_set_active_window -window ${Wave.1} }
22:13:40    213 --> ...                                                      [tcl] if {[gui_exist_window -window ${TopLevel.1}]} { 	gui_set_active_window -window ${TopLevel.1} 	gui_set_active_window -window ${Source.1} 	gui_set_active_window -window ${DLPane.1} }
22:13:40    214 --> ...                                                          [tcl] #</Session>
22:13:43    215 --> ...                                                              [tcl] synopsys::run
22:13:43    216 --> ...                                                                  [tcl] set ucliGUI::state
22:13:43    217 --> ...                                                                      [tcl] gui_update_simulator_buttons
22:13:43    218 --> ...                                                                          [tcl] set ucliGUI::state
22:13:43    219 --> ...                                                                              [tcl] set ucliGUI::state
22:13:43    220 --> ...                                                                                  [tcl] set ucliGUI::state
22:13:43    221 --> ...                                                                                      [tcl] catch {senv activeDomain} dveMisc::result 
22:13:43    222 --> ...                                                                                          [tcl] set dveMisc::result
22:13:43    223 --> ...                                                                                              [tcl] gui_update_simulator_buttons
22:13:43    224 --> ...                                                                                                  [tcl] dveMisc::vbusExpand aes_tb
22:20:56    225 --> ...  [tcl] if [catch {gui_sim_terminate}] {gui_sim_terminate -kill}
22:20:56    226 --> ...      [tcl] synopsys::finish
22:20:56    227 --> ...          [tcl] set ucliGUI::state
22:20:56    228 --> ...              [tcl] gui_update_simulator_buttons
22:20:57    229 --> ...                  [tcl] set ucliGUI::state
22:20:57    230 --> ...                      [tcl] catch {senv activeDomain} dveMisc::result 
22:20:57    231 --> ...                          [tcl] set dveMisc::result
22:20:57    232 --> ...                              [tcl] gui_update_simulator_buttons
22:20:57    233 --> ...                                  [tcl] catch {senv activeDomain} dveMisc::result 
22:20:57    234 --> ...                                      [tcl] set dveMisc::result
22:20:57    235 --> ...                                          [tcl] ucli_exit
