Chronologic VCS simulator copyright 1991-2022
Contains Synopsys proprietary information.
Compiler version T-2022.06_Full64; Runtime version T-2022.06_Full64;  Apr  9 22:12 2023
VCD+ Writer T-2022.06_Full64 Copyright (c) 1991-2022 by Synopsys Inc.
The file '/afs/ece.cmu.edu/usr/araghave/18632/lab2/18632_lab2_checkpoint1_v1/aes_128_lab2_v2/inter.vpd' was opened successfully.
input: plaintext[vectornum]=80000000000000000000000000000000
input: key[vectornum]=00000000000000000000000000000000
output ciphertext[vectornum]=3ad78e726c1ec02b7ebfe92b23d9ec34
PASSED for vectornum:          1
PASSED for vectornum:          2
PASSED for vectornum:          3
PASSED for vectornum:          4
PASSED for vectornum:          5
PASSED for vectornum:          6
PASSED for vectornum:          7
PASSED for vectornum:          8
PASSED for vectornum:          9
PASSED for vectornum:         10
PASSED for vectornum:         11
PASSED for vectornum:         12
PASSED for vectornum:         13
PASSED for vectornum:         14
PASSED for vectornum:         15
PASSED for vectornum:         16
PASSED for vectornum:         17
PASSED for vectornum:         18
PASSED for vectornum:         19
PASSED for vectornum:         20
PASSED for vectornum:         21
PASSED for vectornum:         22
PASSED for vectornum:         23
PASSED for vectornum:         24
PASSED for vectornum:         25
PASSED for vectornum:         26
PASSED for vectornum:         27
PASSED for vectornum:         28
PASSED for vectornum:         29
PASSED for vectornum:         30
PASSED for vectornum:         31
PASSED for vectornum:         32
PASSED for vectornum:         33
PASSED for vectornum:         34
PASSED for vectornum:         35
PASSED for vectornum:         36
PASSED for vectornum:         37
PASSED for vectornum:         38
PASSED for vectornum:         39
PASSED for vectornum:         40
PASSED for vectornum:         41
PASSED for vectornum:         42
PASSED for vectornum:         43
PASSED for vectornum:         44
PASSED for vectornum:         45
PASSED for vectornum:         46
PASSED for vectornum:         47
PASSED for vectornum:         48
PASSED for vectornum:         49
PASSED for vectornum:         50
PASSED for vectornum:         51
PASSED for vectornum:         52
PASSED for vectornum:         53
PASSED for vectornum:         54
PASSED for vectornum:         55
PASSED for vectornum:         56
PASSED for vectornum:         57
PASSED for vectornum:         58
PASSED for vectornum:         59
PASSED for vectornum:         60
PASSED for vectornum:         61
PASSED for vectornum:         62
PASSED for vectornum:         63
PASSED for vectornum:         64
PASSED for vectornum:         65
PASSED for vectornum:         66
PASSED for vectornum:         67
PASSED for vectornum:         68
PASSED for vectornum:         69
PASSED for vectornum:         70
PASSED for vectornum:         71
PASSED for vectornum:         72
PASSED for vectornum:         73
PASSED for vectornum:         74
PASSED for vectornum:         75
PASSED for vectornum:         76
PASSED for vectornum:         77
PASSED for vectornum:         78
PASSED for vectornum:         79
PASSED for vectornum:         80
PASSED for vectornum:         81
PASSED for vectornum:         82
PASSED for vectornum:         83
PASSED for vectornum:         84
PASSED for vectornum:         85
PASSED for vectornum:         86
PASSED for vectornum:         87
PASSED for vectornum:         88
PASSED for vectornum:         89
PASSED for vectornum:         90
PASSED for vectornum:         91
PASSED for vectornum:         92
PASSED for vectornum:         93
PASSED for vectornum:         94
PASSED for vectornum:         95
PASSED for vectornum:         96
PASSED for vectornum:         97
PASSED for vectornum:         98
PASSED for vectornum:         99
PASSED for vectornum:        100
PASSED for vectornum:        101
PASSED for vectornum:        102
PASSED for vectornum:        103
PASSED for vectornum:        104
PASSED for vectornum:        105
PASSED for vectornum:        106
PASSED for vectornum:        107
PASSED for vectornum:        108
PASSED for vectornum:        109
PASSED for vectornum:        110
PASSED for vectornum:        111
PASSED for vectornum:        112
PASSED for vectornum:        113
PASSED for vectornum:        114
PASSED for vectornum:        115
PASSED for vectornum:        116
PASSED for vectornum:        117
PASSED for vectornum:        118
PASSED for vectornum:        119
PASSED for vectornum:        120
PASSED for vectornum:        121
PASSED for vectornum:        122
PASSED for vectornum:        123
PASSED for vectornum:        124
PASSED for vectornum:        125
PASSED for vectornum:        126
PASSED for vectornum:        127
       128 tests completed with          0 errors
$finish called from file "aes_tb.v", line 160.
$finish at simulation time              3403000
Simulation complete, time is 3403000 ps.
Chronologic VCS simulator copyright 1991-2022
Contains Synopsys proprietary information.
Compiler version T-2022.06_Full64; Runtime version T-2022.06_Full64;  Apr  9 22:13 2023
VCD+ Writer T-2022.06_Full64 Copyright (c) 1991-2022 by Synopsys Inc.
The file '/afs/ece.cmu.edu/usr/araghave/18632/lab2/18632_lab2_checkpoint1_v1/aes_128_lab2_v2/inter.vpd' was opened successfully.
input: plaintext[vectornum]=80000000000000000000000000000000
input: key[vectornum]=00000000000000000000000000000000
output ciphertext[vectornum]=3ad78e726c1ec02b7ebfe92b23d9ec34
PASSED for vectornum:          1
PASSED for vectornum:          2
PASSED for vectornum:          3
PASSED for vectornum:          4
PASSED for vectornum:          5
PASSED for vectornum:          6
PASSED for vectornum:          7
PASSED for vectornum:          8
PASSED for vectornum:          9
PASSED for vectornum:         10
PASSED for vectornum:         11
PASSED for vectornum:         12
PASSED for vectornum:         13
PASSED for vectornum:         14
PASSED for vectornum:         15
PASSED for vectornum:         16
PASSED for vectornum:         17
PASSED for vectornum:         18
PASSED for vectornum:         19
PASSED for vectornum:         20
PASSED for vectornum:         21
PASSED for vectornum:         22
PASSED for vectornum:         23
PASSED for vectornum:         24
PASSED for vectornum:         25
PASSED for vectornum:         26
PASSED for vectornum:         27
PASSED for vectornum:         28
PASSED for vectornum:         29
PASSED for vectornum:         30
PASSED for vectornum:         31
PASSED for vectornum:         32
PASSED for vectornum:         33
PASSED for vectornum:         34
PASSED for vectornum:         35
PASSED for vectornum:         36
PASSED for vectornum:         37
PASSED for vectornum:         38
PASSED for vectornum:         39
PASSED for vectornum:         40
PASSED for vectornum:         41
PASSED for vectornum:         42
PASSED for vectornum:         43
PASSED for vectornum:         44
PASSED for vectornum:         45
PASSED for vectornum:         46
PASSED for vectornum:         47
PASSED for vectornum:         48
PASSED for vectornum:         49
PASSED for vectornum:         50
PASSED for vectornum:         51
PASSED for vectornum:         52
PASSED for vectornum:         53
PASSED for vectornum:         54
PASSED for vectornum:         55
PASSED for vectornum:         56
PASSED for vectornum:         57
PASSED for vectornum:         58
PASSED for vectornum:         59
PASSED for vectornum:         60
PASSED for vectornum:         61
PASSED for vectornum:         62
PASSED for vectornum:         63
PASSED for vectornum:         64
PASSED for vectornum:         65
PASSED for vectornum:         66
PASSED for vectornum:         67
PASSED for vectornum:         68
PASSED for vectornum:         69
PASSED for vectornum:         70
PASSED for vectornum:         71
PASSED for vectornum:         72
PASSED for vectornum:         73
PASSED for vectornum:         74
PASSED for vectornum:         75
PASSED for vectornum:         76
PASSED for vectornum:         77
PASSED for vectornum:         78
PASSED for vectornum:         79
PASSED for vectornum:         80
PASSED for vectornum:         81
PASSED for vectornum:         82
PASSED for vectornum:         83
PASSED for vectornum:         84
PASSED for vectornum:         85
PASSED for vectornum:         86
PASSED for vectornum:         87
PASSED for vectornum:         88
PASSED for vectornum:         89
PASSED for vectornum:         90
PASSED for vectornum:         91
PASSED for vectornum:         92
PASSED for vectornum:         93
PASSED for vectornum:         94
PASSED for vectornum:         95
PASSED for vectornum:         96
PASSED for vectornum:         97
PASSED for vectornum:         98
PASSED for vectornum:         99
PASSED for vectornum:        100
PASSED for vectornum:        101
PASSED for vectornum:        102
PASSED for vectornum:        103
PASSED for vectornum:        104
PASSED for vectornum:        105
PASSED for vectornum:        106
PASSED for vectornum:        107
PASSED for vectornum:        108
PASSED for vectornum:        109
PASSED for vectornum:        110
PASSED for vectornum:        111
PASSED for vectornum:        112
PASSED for vectornum:        113
PASSED for vectornum:        114
PASSED for vectornum:        115
PASSED for vectornum:        116
PASSED for vectornum:        117
PASSED for vectornum:        118
PASSED for vectornum:        119
PASSED for vectornum:        120
PASSED for vectornum:        121
PASSED for vectornum:        122
PASSED for vectornum:        123
PASSED for vectornum:        124
PASSED for vectornum:        125
PASSED for vectornum:        126
PASSED for vectornum:        127
       128 tests completed with          0 errors
$finish called from file "aes_tb.v", line 160.
$finish at simulation time              3403000
Simulation complete, time is 3403000 ps.
           V C S   S i m u l a t i o n   R e p o r t 
Time: 3403000 ps
CPU Time:      0.210 seconds;       Data structure size:   0.0Mb
Sun Apr  9 22:20:57 2023
