# Preference setting overrides
gui_create_pref_key -category {Globals} -key {load_detail_for_funcov} -value_type {bool} -value {false}

# State setting overrides
gui_state_default_create -off -ini
gui_set_state_value -category Globals -key recent_databases -value {{gui_open_db -file /afs/ece.cmu.edu/usr/araghave/nv_small/hw/tubgemm/nv_small_DWYES/vmod/nvdla/cmac/inter.vpd -design V1}}
gui_set_state_value -category Globals -key recent_sessions -value {{gui_load_session -ignore_errors -file /afs/ece.cmu.edu/usr/araghave/nv_small/hw/tubgemm/nv_small_DWYES/vmod/nvdla/cmac/session.inter.vpd.tcl -ignore_errors} {gui_load_session -ignore_errors -file /afs/ece.cmu.edu/usr/araghave/nv_small/hw/tubgemm/nv_small_DWYES/vmod/nvdla/cmac/session.inter.vpd.tcl}}
gui_set_state_value -category Layout -key child_console_size_x -value 1914
gui_set_state_value -category Layout -key child_console_size_y -value 292
gui_set_state_value -category Layout -key child_data_coltype -value 148
gui_set_state_value -category Layout -key child_data_colvalue -value 39
gui_set_state_value -category Layout -key child_data_colvariable -value 291
gui_set_state_value -category Layout -key child_data_size_x -value 400
gui_set_state_value -category Layout -key child_data_size_y -value 569
gui_set_state_value -category Layout -key child_driver_size_x -value 1623
gui_set_state_value -category Layout -key child_driver_size_y -value 361
gui_set_state_value -category Layout -key child_hier_col3 -value {-1}
gui_set_state_value -category Layout -key child_hier_colhier -value 376
gui_set_state_value -category Layout -key child_hier_colpd -value 0
gui_set_state_value -category Layout -key child_hier_coltype -value 25
gui_set_state_value -category Layout -key child_hier_size_x -value 342
gui_set_state_value -category Layout -key child_hier_size_y -value 569
gui_set_state_value -category Layout -key child_hier_sort_order -value 1
gui_set_state_value -category Layout -key child_list_down -value 759
gui_set_state_value -category Layout -key child_list_right -value 1764
gui_set_state_value -category Layout -key child_source_docknewline -value false
gui_set_state_value -category Layout -key child_source_pos_x -value {-2}
gui_set_state_value -category Layout -key child_source_pos_y -value {-15}
gui_set_state_value -category Layout -key child_source_size_x -value 1175
gui_set_state_value -category Layout -key child_source_size_y -value 564
gui_set_state_value -category Layout -key child_wave_colname -value 178
gui_set_state_value -category Layout -key child_wave_colvalue -value 220
gui_set_state_value -category Layout -key child_wave_left -value 402
gui_set_state_value -category Layout -key child_wave_right -value 1507
gui_set_state_value -category Layout -key main_pos_x -value 0
gui_set_state_value -category Layout -key main_pos_y -value 34
gui_set_state_value -category Layout -key main_size_x -value 1914
gui_set_state_value -category Layout -key main_size_y -value 1002
gui_set_state_value -category Layout -key stand_list_child_docknewline -value false
gui_set_state_value -category Layout -key stand_list_child_pos_x -value {-2}
gui_set_state_value -category Layout -key stand_list_child_pos_y -value {-15}
gui_set_state_value -category Layout -key stand_list_child_size_x -value 1924
gui_set_state_value -category Layout -key stand_list_child_size_y -value 904
gui_set_state_value -category Layout -key stand_list_top_pos_x -value 1920
gui_set_state_value -category Layout -key stand_list_top_pos_y -value 23
gui_set_state_value -category Layout -key stand_list_top_size_x -value 3839
gui_set_state_value -category Layout -key stand_list_top_size_y -value 1031
gui_set_state_value -category Layout -key stand_wave_child_docknewline -value false
gui_set_state_value -category Layout -key stand_wave_child_pos_x -value {-2}
gui_set_state_value -category Layout -key stand_wave_child_pos_y -value {-15}
gui_set_state_value -category Layout -key stand_wave_child_size_x -value 1919
gui_set_state_value -category Layout -key stand_wave_child_size_y -value 835
gui_set_state_value -category Layout -key stand_wave_top_pos_x -value 1920
gui_set_state_value -category Layout -key stand_wave_top_pos_y -value 23
gui_set_state_value -category Layout -key stand_wave_top_size_x -value 3834
gui_set_state_value -category Layout -key stand_wave_top_size_y -value 970
gui_create_state_key -category FindDialog -key m_pMatchCase -value_type bool -value false
gui_create_state_key -category FindDialog -key m_pMatchWord -value_type bool -value false
gui_create_state_key -category FindDialog -key m_pUseCombo -value_type string -value {}
gui_create_state_key -category FindDialog -key m_pWrapAround -value_type bool -value true
gui_create_state_key -category Widget_History -key TopLevel.1|qt_left_dock|DockWnd2|DLPane.1|pages|Data.1|hbox|textfilter -value_type string -value {*sum* *mout* *sum*out* *sort*}
gui_create_state_key -category Widget_History -key dlgSearchValue|m_ValueComboBox -value_type string -value 129032
gui_create_state_key -category SearchDialog -key MatchCase -value_type bool -value false
gui_create_state_key -category SearchDialog -key MatchWord -value_type bool -value true
gui_create_state_key -category SearchDialog -key SearchMode -value_type string -value Wildcards
gui_create_state_key -category SearchDialog -key UseCombo -value_type bool -value true
gui_state_default_create -off

# Begin command logging
gui_sim_run Ucli -exe simv -args {-ucligui  } -dir .
gui_list_select -id Data.1 -selected  { {aes_tb.testvectors2[127:0][127:0]}   }
gui_list_action -id  Data.1 {aes_tb.testvectors2[127:0][127:0]}
gui_list_select -id Data.1 -selected  { {aes_tb.plain_text[127:0]}   }
gui_list_select_all -id Data.1
gui_open_window Wave
gui_list_add -id Wave.1 -from Data.1 { aes_tb.clk aes_tb.ok aes_tb.ready {aes_tb.num_iters[31:0]} {aes_tb.plain_text[127:0]} {aes_tb.input_key[127:0]} {aes_tb.cipher_text[127:0]} aes_tb.rst_ aes_tb.e128 aes_tb.first_round {aes_tb.vectornum[31:0]} {aes_tb.errors[31:0]} aes_tb.count {aes_tb.testvectors[127:0][127:0]} {aes_tb.testvectors1[127:0][127:0]} {aes_tb.testvectors2[127:0][127:0]} } -insertionbar
gui_sim_continue  
gui_zoom -window Wave.1 -full
gui_zoom -window Wave.1 -full
gui_list_select -id Wave.1 -selected  { aes_tb.first_round   }
gui_list_select -id Wave.1 -selected  { {aes_tb.errors[31:0]}   }
gui_list_expand -id  Hier.1   aes_tb
gui_list_select -id Hier.1 -current_item_name aes_tb -current_item_type Scope  -selected  {  }
gui_list_expand -id  Hier.1   aes_tb.u1
gui_list_select -id Hier.1 -current_item_name aes_tb.u1.r -current_item_type Scope  -selected  { aes_tb.u1.r   }
gui_list_select -id Hier.1 -current_item_name aes_tb.u1 -current_item_type Scope  -selected  { aes_tb.u1   }
gui_list_select -id Data.1 -selected  { {aes_tb.u1.round_cnt[3:0]}   }
gui_list_add -id Wave.1 -from Data.1 { {aes_tb.u1.round_cnt[3:0]} } -insertionbar
gui_sim_restart
gui_sim_continue  
gui_wv_zoom_timerange -id  Wave.1 1700224 5470840
gui_zoom -window Wave.1 -full
gui_zoom -window Wave.1 -full
gui_wv_zoom_timerange -id  Wave.1 0 407807
gui_wv_zoom_timerange -id  Wave.1 86697 146336
gui_wv_zoom_timerange -id  Wave.1 109587 109870
gui_zoom -window Wave.1 -full
gui_wv_zoom_timerange -id  Wave.1 0 364031
gui_wv_zoom_timerange -id  Wave.1 88728 206046
gui_wv_zoom_timerange -id  Wave.1 100320 143689
gui_wv_scrollright -id  Wave.1  line
gui_wv_scrollright -id  Wave.1  line
gui_wv_scrollright -id  Wave.1  line
gui_wv_scrollright -id  Wave.1  line
gui_wv_scrollright -id  Wave.1  line
gui_wv_scrollright -id  Wave.1  line
gui_wv_scrollright -id  Wave.1  line
gui_wv_scrollright -id  Wave.1  line
gui_wv_scrollright -id  Wave.1  line
gui_close_window -window TopLevel.1
