Analysis & Synthesis report for aes_128_encrypt
Tue Apr 11 20:14:32 2023
Quartus Prime Version 22.1std.0 Build 915 10/25/2022 SC Lite Edition


---------------------
; Table of Contents ;
---------------------
  1. Legal Notice
  2. Analysis & Synthesis Summary
  3. Analysis & Synthesis Settings
  4. Parallel Compilation
  5. Analysis & Synthesis Source Files Read
  6. Analysis & Synthesis Resource Usage Summary
  7. Analysis & Synthesis Resource Utilization by Entity
  8. Analysis & Synthesis RAM Summary
  9. Analysis & Synthesis IP Cores Summary
 10. State Machine - |aes_128_encrypt|cmd
 11. State Machine - |aes_128_encrypt|state_cnt
 12. Registers Removed During Synthesis
 13. General Register Statistics
 14. Inverted Register Statistics
 15. Multiplexer Restructuring Statistics (Restructuring Performed)
 16. Source assignments for ram:ram_large_ins0|altsyncram:altsyncram_component|altsyncram_fen1:auto_generated|altsyncram_qtd2:altsyncram1
 17. Parameter Settings for User Entity Instance: ram:ram_large_ins0|altsyncram:altsyncram_component
 18. altsyncram Parameter Settings by Entity Instance
 19. Port Connectivity Checks: "rounds:r"
 20. Port Connectivity Checks: "ram:ram_large_ins0"
 21. In-System Memory Content Editor Settings
 22. Post-Synthesis Netlist Statistics for Top Partition
 23. Elapsed Time Per Partition
 24. Analysis & Synthesis Messages



----------------
; Legal Notice ;
----------------
Copyright (C) 2022  Intel Corporation. All rights reserved.
Your use of Intel Corporation's design tools, logic functions 
and other software and tools, and any partner logic 
functions, and any output files from any of the foregoing 
(including device programming or simulation files), and any 
associated documentation or information are expressly subject 
to the terms and conditions of the Intel Program License 
Subscription Agreement, the Intel Quartus Prime License Agreement,
the Intel FPGA IP License Agreement, or other applicable license
agreement, including, without limitation, that your use is for
the sole purpose of programming logic devices manufactured by
Intel and sold by Intel or its authorized distributors.  Please
refer to the applicable agreement for further details, at
https://fpgasoftware.intel.com/eula.



+----------------------------------------------------------------------------------+
; Analysis & Synthesis Summary                                                     ;
+---------------------------------+------------------------------------------------+
; Analysis & Synthesis Status     ; Successful - Tue Apr 11 20:14:32 2023          ;
; Quartus Prime Version           ; 22.1std.0 Build 915 10/25/2022 SC Lite Edition ;
; Revision Name                   ; aes_128_encrypt                                ;
; Top-level Entity Name           ; aes_128_encrypt                                ;
; Family                          ; Cyclone V                                      ;
; Logic utilization (in ALMs)     ; N/A                                            ;
; Total registers                 ; 770                                            ;
; Total pins                      ; 5                                              ;
; Total virtual pins              ; 0                                              ;
; Total block memory bits         ; 4,096                                          ;
; Total DSP Blocks                ; 0                                              ;
; Total HSSI RX PCSs              ; 0                                              ;
; Total HSSI PMA RX Deserializers ; 0                                              ;
; Total HSSI TX PCSs              ; 0                                              ;
; Total HSSI PMA TX Serializers   ; 0                                              ;
; Total PLLs                      ; 0                                              ;
; Total DLLs                      ; 0                                              ;
+---------------------------------+------------------------------------------------+


+---------------------------------------------------------------------------------------------------------------------------+
; Analysis & Synthesis Settings                                                                                             ;
+---------------------------------------------------------------------------------+--------------------+--------------------+
; Option                                                                          ; Setting            ; Default Value      ;
+---------------------------------------------------------------------------------+--------------------+--------------------+
; Device                                                                          ; 5CEBA4F23C7        ;                    ;
; Top-level entity name                                                           ; aes_128_encrypt    ; aes_128_encrypt    ;
; Family name                                                                     ; Cyclone V          ; Cyclone V          ;
; Use smart compilation                                                           ; Off                ; Off                ;
; Enable parallel Assembler and Timing Analyzer during compilation                ; On                 ; On                 ;
; Enable compact report table                                                     ; Off                ; Off                ;
; Restructure Multiplexers                                                        ; Auto               ; Auto               ;
; MLAB Add Timing Constraints For Mixed-Port Feed-Through Mode Setting Don't Care ; Off                ; Off                ;
; Create Debugging Nodes for IP Cores                                             ; Off                ; Off                ;
; Preserve fewer node names                                                       ; On                 ; On                 ;
; Intel FPGA IP Evaluation Mode                                                   ; Enable             ; Enable             ;
; Verilog Version                                                                 ; Verilog_2001       ; Verilog_2001       ;
; VHDL Version                                                                    ; VHDL_1993          ; VHDL_1993          ;
; State Machine Processing                                                        ; Auto               ; Auto               ;
; Safe State Machine                                                              ; Off                ; Off                ;
; Extract Verilog State Machines                                                  ; On                 ; On                 ;
; Extract VHDL State Machines                                                     ; On                 ; On                 ;
; Ignore Verilog initial constructs                                               ; Off                ; Off                ;
; Iteration limit for constant Verilog loops                                      ; 5000               ; 5000               ;
; Iteration limit for non-constant Verilog loops                                  ; 250                ; 250                ;
; Add Pass-Through Logic to Inferred RAMs                                         ; On                 ; On                 ;
; Infer RAMs from Raw Logic                                                       ; On                 ; On                 ;
; Parallel Synthesis                                                              ; On                 ; On                 ;
; DSP Block Balancing                                                             ; Auto               ; Auto               ;
; NOT Gate Push-Back                                                              ; On                 ; On                 ;
; Power-Up Don't Care                                                             ; On                 ; On                 ;
; Remove Redundant Logic Cells                                                    ; Off                ; Off                ;
; Remove Duplicate Registers                                                      ; On                 ; On                 ;
; Ignore CARRY Buffers                                                            ; Off                ; Off                ;
; Ignore CASCADE Buffers                                                          ; Off                ; Off                ;
; Ignore GLOBAL Buffers                                                           ; Off                ; Off                ;
; Ignore ROW GLOBAL Buffers                                                       ; Off                ; Off                ;
; Ignore LCELL Buffers                                                            ; Off                ; Off                ;
; Ignore SOFT Buffers                                                             ; On                 ; On                 ;
; Limit AHDL Integers to 32 Bits                                                  ; Off                ; Off                ;
; Optimization Technique                                                          ; Balanced           ; Balanced           ;
; Carry Chain Length                                                              ; 70                 ; 70                 ;
; Auto Carry Chains                                                               ; On                 ; On                 ;
; Auto Open-Drain Pins                                                            ; On                 ; On                 ;
; Perform WYSIWYG Primitive Resynthesis                                           ; Off                ; Off                ;
; Auto ROM Replacement                                                            ; On                 ; On                 ;
; Auto RAM Replacement                                                            ; On                 ; On                 ;
; Auto DSP Block Replacement                                                      ; On                 ; On                 ;
; Auto Shift Register Replacement                                                 ; Auto               ; Auto               ;
; Allow Shift Register Merging across Hierarchies                                 ; Auto               ; Auto               ;
; Auto Clock Enable Replacement                                                   ; On                 ; On                 ;
; Strict RAM Replacement                                                          ; Off                ; Off                ;
; Allow Synchronous Control Signals                                               ; On                 ; On                 ;
; Force Use of Synchronous Clear Signals                                          ; Off                ; Off                ;
; Auto Resource Sharing                                                           ; Off                ; Off                ;
; Allow Any RAM Size For Recognition                                              ; Off                ; Off                ;
; Allow Any ROM Size For Recognition                                              ; Off                ; Off                ;
; Allow Any Shift Register Size For Recognition                                   ; Off                ; Off                ;
; Use LogicLock Constraints during Resource Balancing                             ; On                 ; On                 ;
; Ignore translate_off and synthesis_off directives                               ; Off                ; Off                ;
; Timing-Driven Synthesis                                                         ; On                 ; On                 ;
; Report Parameter Settings                                                       ; On                 ; On                 ;
; Report Source Assignments                                                       ; On                 ; On                 ;
; Report Connectivity Checks                                                      ; On                 ; On                 ;
; Ignore Maximum Fan-Out Assignments                                              ; Off                ; Off                ;
; Synchronization Register Chain Length                                           ; 3                  ; 3                  ;
; Power Optimization During Synthesis                                             ; Normal compilation ; Normal compilation ;
; HDL message level                                                               ; Level2             ; Level2             ;
; Suppress Register Optimization Related Messages                                 ; Off                ; Off                ;
; Number of Removed Registers Reported in Synthesis Report                        ; 5000               ; 5000               ;
; Number of Swept Nodes Reported in Synthesis Report                              ; 5000               ; 5000               ;
; Number of Inverted Registers Reported in Synthesis Report                       ; 100                ; 100                ;
; Clock MUX Protection                                                            ; On                 ; On                 ;
; Auto Gated Clock Conversion                                                     ; Off                ; Off                ;
; Block Design Naming                                                             ; Auto               ; Auto               ;
; SDC constraint protection                                                       ; Off                ; Off                ;
; Synthesis Effort                                                                ; Auto               ; Auto               ;
; Shift Register Replacement - Allow Asynchronous Clear Signal                    ; On                 ; On                 ;
; Pre-Mapping Resynthesis Optimization                                            ; Off                ; Off                ;
; Analysis & Synthesis Message Level                                              ; Medium             ; Medium             ;
; Disable Register Merging Across Hierarchies                                     ; Auto               ; Auto               ;
; Resource Aware Inference For Block RAM                                          ; On                 ; On                 ;
; Automatic Parallel Synthesis                                                    ; On                 ; On                 ;
; Partial Reconfiguration Bitstream ID                                            ; Off                ; Off                ;
+---------------------------------------------------------------------------------+--------------------+--------------------+


+------------------------------------------+
; Parallel Compilation                     ;
+----------------------------+-------------+
; Processors                 ; Number      ;
+----------------------------+-------------+
; Number detected on machine ; 8           ;
; Maximum allowed            ; 4           ;
;                            ;             ;
; Average used               ; 1.00        ;
; Maximum used               ; 4           ;
;                            ;             ;
; Usage by Processor         ; % Time Used ;
;     Processor 1            ; 100.0%      ;
;     Processor 2            ;   0.0%      ;
;     Processor 3            ;   0.0%      ;
;     Processor 4            ;   0.0%      ;
+----------------------------+-------------+


+-----------------------------------------------------------------------------------------------------------------------------------------------------------------------------------------------------------------------------------------------------------------------------------------------------------------------------------------------------+
; Analysis & Synthesis Source Files Read                                                                                                                                                                                                                                                                                                              ;
+--------------------------------------------------------------------+-----------------+----------------------------------------------+-------------------------------------------------------------------------------------------------------------------------------------------------------------------------------------------------+-------------+
; File Name with User-Entered Path                                   ; Used in Netlist ; File Type                                    ; File Name with Absolute Path                                                                                                                                                                    ; Library     ;
+--------------------------------------------------------------------+-----------------+----------------------------------------------+-------------------------------------------------------------------------------------------------------------------------------------------------------------------------------------------------+-------------+
; subbytes.v                                                         ; yes             ; User Verilog HDL File                        ; A:/CMU/Courses/18632_Intro_to_HW_security/Lab2/18632_lab2_checkpoint1_v1-main/18632_lab2_checkpoint1_v1-main/aes_128_lab2_v2/subbytes.v                                                         ;             ;
; shiftrow.v                                                         ; yes             ; User Verilog HDL File                        ; A:/CMU/Courses/18632_Intro_to_HW_security/Lab2/18632_lab2_checkpoint1_v1-main/18632_lab2_checkpoint1_v1-main/aes_128_lab2_v2/shiftrow.v                                                         ;             ;
; sbox.v                                                             ; yes             ; User Verilog HDL File                        ; A:/CMU/Courses/18632_Intro_to_HW_security/Lab2/18632_lab2_checkpoint1_v1-main/18632_lab2_checkpoint1_v1-main/aes_128_lab2_v2/sbox.v                                                             ;             ;
; rounds.v                                                           ; yes             ; User Verilog HDL File                        ; A:/CMU/Courses/18632_Intro_to_HW_security/Lab2/18632_lab2_checkpoint1_v1-main/18632_lab2_checkpoint1_v1-main/aes_128_lab2_v2/rounds.v                                                           ;             ;
; mixcolumn.v                                                        ; yes             ; User Verilog HDL File                        ; A:/CMU/Courses/18632_Intro_to_HW_security/Lab2/18632_lab2_checkpoint1_v1-main/18632_lab2_checkpoint1_v1-main/aes_128_lab2_v2/mixcolumn.v                                                        ;             ;
; KeyGeneration.v                                                    ; yes             ; User Verilog HDL File                        ; A:/CMU/Courses/18632_Intro_to_HW_security/Lab2/18632_lab2_checkpoint1_v1-main/18632_lab2_checkpoint1_v1-main/aes_128_lab2_v2/KeyGeneration.v                                                    ;             ;
; aescipher.v                                                        ; yes             ; User Verilog HDL File                        ; A:/CMU/Courses/18632_Intro_to_HW_security/Lab2/18632_lab2_checkpoint1_v1-main/18632_lab2_checkpoint1_v1-main/aes_128_lab2_v2/aescipher.v                                                        ;             ;
; ram.v                                                              ; yes             ; User Wizard-Generated File                   ; A:/CMU/Courses/18632_Intro_to_HW_security/Lab2/18632_lab2_checkpoint1_v1-main/18632_lab2_checkpoint1_v1-main/aes_128_lab2_v2/ram.v                                                              ;             ;
; altsyncram.tdf                                                     ; yes             ; Megafunction                                 ; c:/intelfpga_lite/22.1std/quartus/libraries/megafunctions/altsyncram.tdf                                                                                                                        ;             ;
; stratix_ram_block.inc                                              ; yes             ; Megafunction                                 ; c:/intelfpga_lite/22.1std/quartus/libraries/megafunctions/stratix_ram_block.inc                                                                                                                 ;             ;
; lpm_mux.inc                                                        ; yes             ; Megafunction                                 ; c:/intelfpga_lite/22.1std/quartus/libraries/megafunctions/lpm_mux.inc                                                                                                                           ;             ;
; lpm_decode.inc                                                     ; yes             ; Megafunction                                 ; c:/intelfpga_lite/22.1std/quartus/libraries/megafunctions/lpm_decode.inc                                                                                                                        ;             ;
; aglobal221.inc                                                     ; yes             ; Megafunction                                 ; c:/intelfpga_lite/22.1std/quartus/libraries/megafunctions/aglobal221.inc                                                                                                                        ;             ;
; a_rdenreg.inc                                                      ; yes             ; Megafunction                                 ; c:/intelfpga_lite/22.1std/quartus/libraries/megafunctions/a_rdenreg.inc                                                                                                                         ;             ;
; altrom.inc                                                         ; yes             ; Megafunction                                 ; c:/intelfpga_lite/22.1std/quartus/libraries/megafunctions/altrom.inc                                                                                                                            ;             ;
; altram.inc                                                         ; yes             ; Megafunction                                 ; c:/intelfpga_lite/22.1std/quartus/libraries/megafunctions/altram.inc                                                                                                                            ;             ;
; altdpram.inc                                                       ; yes             ; Megafunction                                 ; c:/intelfpga_lite/22.1std/quartus/libraries/megafunctions/altdpram.inc                                                                                                                          ;             ;
; db/altsyncram_fen1.tdf                                             ; yes             ; Auto-Generated Megafunction                  ; A:/CMU/Courses/18632_Intro_to_HW_security/Lab2/18632_lab2_checkpoint1_v1-main/18632_lab2_checkpoint1_v1-main/aes_128_lab2_v2/db/altsyncram_fen1.tdf                                             ;             ;
; db/altsyncram_qtd2.tdf                                             ; yes             ; Auto-Generated Megafunction                  ; A:/CMU/Courses/18632_Intro_to_HW_security/Lab2/18632_lab2_checkpoint1_v1-main/18632_lab2_checkpoint1_v1-main/aes_128_lab2_v2/db/altsyncram_qtd2.tdf                                             ;             ;
; sld_mod_ram_rom.vhd                                                ; yes             ; Encrypted Megafunction                       ; c:/intelfpga_lite/22.1std/quartus/libraries/megafunctions/sld_mod_ram_rom.vhd                                                                                                                   ;             ;
; sld_jtag_endpoint_adapter.vhd                                      ; yes             ; Encrypted Megafunction                       ; c:/intelfpga_lite/22.1std/quartus/libraries/megafunctions/sld_jtag_endpoint_adapter.vhd                                                                                                         ;             ;
; sld_jtag_endpoint_adapter_impl.sv                                  ; yes             ; Encrypted Megafunction                       ; c:/intelfpga_lite/22.1std/quartus/libraries/megafunctions/sld_jtag_endpoint_adapter_impl.sv                                                                                                     ;             ;
; sld_rom_sr.vhd                                                     ; yes             ; Encrypted Megafunction                       ; c:/intelfpga_lite/22.1std/quartus/libraries/megafunctions/sld_rom_sr.vhd                                                                                                                        ;             ;
; sld_hub.vhd                                                        ; yes             ; Encrypted Megafunction                       ; c:/intelfpga_lite/22.1std/quartus/libraries/megafunctions/sld_hub.vhd                                                                                                                           ; altera_sld  ;
; db/ip/sld61842770/alt_sld_fab.v                                    ; yes             ; Encrypted Auto-Found Verilog HDL File        ; A:/CMU/Courses/18632_Intro_to_HW_security/Lab2/18632_lab2_checkpoint1_v1-main/18632_lab2_checkpoint1_v1-main/aes_128_lab2_v2/db/ip/sld61842770/alt_sld_fab.v                                    ; alt_sld_fab ;
; db/ip/sld61842770/submodules/alt_sld_fab_alt_sld_fab.v             ; yes             ; Encrypted Auto-Found Verilog HDL File        ; A:/CMU/Courses/18632_Intro_to_HW_security/Lab2/18632_lab2_checkpoint1_v1-main/18632_lab2_checkpoint1_v1-main/aes_128_lab2_v2/db/ip/sld61842770/submodules/alt_sld_fab_alt_sld_fab.v             ; alt_sld_fab ;
; db/ip/sld61842770/submodules/alt_sld_fab_alt_sld_fab_ident.sv      ; yes             ; Auto-Found SystemVerilog HDL File            ; A:/CMU/Courses/18632_Intro_to_HW_security/Lab2/18632_lab2_checkpoint1_v1-main/18632_lab2_checkpoint1_v1-main/aes_128_lab2_v2/db/ip/sld61842770/submodules/alt_sld_fab_alt_sld_fab_ident.sv      ; alt_sld_fab ;
; db/ip/sld61842770/submodules/alt_sld_fab_alt_sld_fab_presplit.sv   ; yes             ; Encrypted Auto-Found SystemVerilog HDL File  ; A:/CMU/Courses/18632_Intro_to_HW_security/Lab2/18632_lab2_checkpoint1_v1-main/18632_lab2_checkpoint1_v1-main/aes_128_lab2_v2/db/ip/sld61842770/submodules/alt_sld_fab_alt_sld_fab_presplit.sv   ; alt_sld_fab ;
; db/ip/sld61842770/submodules/alt_sld_fab_alt_sld_fab_sldfabric.vhd ; yes             ; Encrypted Auto-Found VHDL File               ; A:/CMU/Courses/18632_Intro_to_HW_security/Lab2/18632_lab2_checkpoint1_v1-main/18632_lab2_checkpoint1_v1-main/aes_128_lab2_v2/db/ip/sld61842770/submodules/alt_sld_fab_alt_sld_fab_sldfabric.vhd ; alt_sld_fab ;
; db/ip/sld61842770/submodules/alt_sld_fab_alt_sld_fab_splitter.sv   ; yes             ; Encrypted Auto-Found SystemVerilog HDL File  ; A:/CMU/Courses/18632_Intro_to_HW_security/Lab2/18632_lab2_checkpoint1_v1-main/18632_lab2_checkpoint1_v1-main/aes_128_lab2_v2/db/ip/sld61842770/submodules/alt_sld_fab_alt_sld_fab_splitter.sv   ; alt_sld_fab ;
; sld_jtag_hub.vhd                                                   ; yes             ; Encrypted Megafunction                       ; c:/intelfpga_lite/22.1std/quartus/libraries/megafunctions/sld_jtag_hub.vhd                                                                                                                      ;             ;
+--------------------------------------------------------------------+-----------------+----------------------------------------------+-------------------------------------------------------------------------------------------------------------------------------------------------------------------------------------------------+-------------+


+---------------------------------------------------------+
; Analysis & Synthesis Resource Usage Summary             ;
+---------------------------------------------+-----------+
; Resource                                    ; Usage     ;
+---------------------------------------------+-----------+
; Estimate of Logic utilization (ALMs needed) ; 1324      ;
;                                             ;           ;
; Combinational ALUT usage for logic          ; 1525      ;
;     -- 7 input functions                    ; 5         ;
;     -- 6 input functions                    ; 971       ;
;     -- 5 input functions                    ; 146       ;
;     -- 4 input functions                    ; 232       ;
;     -- <=3 input functions                  ; 171       ;
;                                             ;           ;
; Dedicated logic registers                   ; 770       ;
;                                             ;           ;
; I/O pins                                    ; 5         ;
; Total MLAB memory bits                      ; 0         ;
; Total block memory bits                     ; 4096      ;
;                                             ;           ;
; Total DSP Blocks                            ; 0         ;
;                                             ;           ;
; Maximum fan-out node                        ; clk~input ;
; Maximum fan-out                             ; 655       ;
; Total fan-out                               ; 12607     ;
; Average fan-out                             ; 5.16      ;
+---------------------------------------------+-----------+


+-------------------------------------------------------------------------------------------------------------------------------------------------------------------------------------------------------------------------------------------------------------------------------------------------------------------------------------------------------------------------------------------------------------------------------------------------------------------------------------------------------------------------------------------------------------------------------------------------------------------------------------------------------------------+
; Analysis & Synthesis Resource Utilization by Entity                                                                                                                                                                                                                                                                                                                                                                                                                                                                                                                                                                                                               ;
+-----------------------------------------------------------------------------------------------------------------------------------------+---------------------+---------------------------+-------------------+------------+------+--------------+-------------------------------------------------------------------------------------------------------------------------------------------------------------------------------------------------------------------------------------------------------------------------------------------------------------------------------------------------------------+-----------------------------------+--------------+
; Compilation Hierarchy Node                                                                                                              ; Combinational ALUTs ; Dedicated Logic Registers ; Block Memory Bits ; DSP Blocks ; Pins ; Virtual Pins ; Full Hierarchy Name                                                                                                                                                                                                                                                                                                                                         ; Entity Name                       ; Library Name ;
+-----------------------------------------------------------------------------------------------------------------------------------------+---------------------+---------------------------+-------------------+------------+------+--------------+-------------------------------------------------------------------------------------------------------------------------------------------------------------------------------------------------------------------------------------------------------------------------------------------------------------------------------------------------------------+-----------------------------------+--------------+
; |aes_128_encrypt                                                                                                                        ; 1525 (206)          ; 770 (527)                 ; 4096              ; 0          ; 5    ; 0            ; |aes_128_encrypt                                                                                                                                                                                                                                                                                                                                            ; aes_128_encrypt                   ; work         ;
;    |ram:ram_large_ins0|                                                                                                                 ; 45 (0)              ; 157 (0)                   ; 4096              ; 0          ; 0    ; 0            ; |aes_128_encrypt|ram:ram_large_ins0                                                                                                                                                                                                                                                                                                                         ; ram                               ; work         ;
;       |altsyncram:altsyncram_component|                                                                                                 ; 45 (0)              ; 157 (0)                   ; 4096              ; 0          ; 0    ; 0            ; |aes_128_encrypt|ram:ram_large_ins0|altsyncram:altsyncram_component                                                                                                                                                                                                                                                                                         ; altsyncram                        ; work         ;
;          |altsyncram_fen1:auto_generated|                                                                                               ; 45 (0)              ; 157 (0)                   ; 4096              ; 0          ; 0    ; 0            ; |aes_128_encrypt|ram:ram_large_ins0|altsyncram:altsyncram_component|altsyncram_fen1:auto_generated                                                                                                                                                                                                                                                          ; altsyncram_fen1                   ; work         ;
;             |altsyncram_qtd2:altsyncram1|                                                                                               ; 0 (0)               ; 0 (0)                     ; 4096              ; 0          ; 0    ; 0            ; |aes_128_encrypt|ram:ram_large_ins0|altsyncram:altsyncram_component|altsyncram_fen1:auto_generated|altsyncram_qtd2:altsyncram1                                                                                                                                                                                                                              ; altsyncram_qtd2                   ; work         ;
;             |sld_mod_ram_rom:mgl_prim2|                                                                                                 ; 45 (28)             ; 157 (148)                 ; 0                 ; 0          ; 0    ; 0            ; |aes_128_encrypt|ram:ram_large_ins0|altsyncram:altsyncram_component|altsyncram_fen1:auto_generated|sld_mod_ram_rom:mgl_prim2                                                                                                                                                                                                                                ; sld_mod_ram_rom                   ; work         ;
;                |sld_rom_sr:\ram_rom_logic_gen:name_gen:info_rom_sr|                                                                     ; 17 (17)             ; 9 (9)                     ; 0                 ; 0          ; 0    ; 0            ; |aes_128_encrypt|ram:ram_large_ins0|altsyncram:altsyncram_component|altsyncram_fen1:auto_generated|sld_mod_ram_rom:mgl_prim2|sld_rom_sr:\ram_rom_logic_gen:name_gen:info_rom_sr                                                                                                                                                                             ; sld_rom_sr                        ; work         ;
;    |rounds:r|                                                                                                                           ; 1176 (232)          ; 0 (0)                     ; 0                 ; 0          ; 0    ; 0            ; |aes_128_encrypt|rounds:r                                                                                                                                                                                                                                                                                                                                   ; rounds                            ; work         ;
;       |KeyGeneration:t0|                                                                                                                ; 296 (136)           ; 0 (0)                     ; 0                 ; 0          ; 0    ; 0            ; |aes_128_encrypt|rounds:r|KeyGeneration:t0                                                                                                                                                                                                                                                                                                                  ; KeyGeneration                     ; work         ;
;          |sbox:a1|                                                                                                                      ; 40 (40)             ; 0 (0)                     ; 0                 ; 0          ; 0    ; 0            ; |aes_128_encrypt|rounds:r|KeyGeneration:t0|sbox:a1                                                                                                                                                                                                                                                                                                          ; sbox                              ; work         ;
;          |sbox:a2|                                                                                                                      ; 40 (40)             ; 0 (0)                     ; 0                 ; 0          ; 0    ; 0            ; |aes_128_encrypt|rounds:r|KeyGeneration:t0|sbox:a2                                                                                                                                                                                                                                                                                                          ; sbox                              ; work         ;
;          |sbox:a3|                                                                                                                      ; 40 (40)             ; 0 (0)                     ; 0                 ; 0          ; 0    ; 0            ; |aes_128_encrypt|rounds:r|KeyGeneration:t0|sbox:a3                                                                                                                                                                                                                                                                                                          ; sbox                              ; work         ;
;          |sbox:a4|                                                                                                                      ; 40 (40)             ; 0 (0)                     ; 0                 ; 0          ; 0    ; 0            ; |aes_128_encrypt|rounds:r|KeyGeneration:t0|sbox:a4                                                                                                                                                                                                                                                                                                          ; sbox                              ; work         ;
;       |mixcolumn:t3|                                                                                                                    ; 8 (8)               ; 0 (0)                     ; 0                 ; 0          ; 0    ; 0            ; |aes_128_encrypt|rounds:r|mixcolumn:t3                                                                                                                                                                                                                                                                                                                      ; mixcolumn                         ; work         ;
;       |subbytes:t1|                                                                                                                     ; 640 (640)           ; 0 (0)                     ; 0                 ; 0          ; 0    ; 0            ; |aes_128_encrypt|rounds:r|subbytes:t1                                                                                                                                                                                                                                                                                                                       ; subbytes                          ; work         ;
;    |sld_hub:auto_hub|                                                                                                                   ; 98 (1)              ; 86 (0)                    ; 0                 ; 0          ; 0    ; 0            ; |aes_128_encrypt|sld_hub:auto_hub                                                                                                                                                                                                                                                                                                                           ; sld_hub                           ; altera_sld   ;
;       |alt_sld_fab_with_jtag_input:\instrumentation_fabric_with_node_gen:fabric_gen_new_way:with_jtag_input_gen:instrumentation_fabric| ; 97 (0)              ; 86 (0)                    ; 0                 ; 0          ; 0    ; 0            ; |aes_128_encrypt|sld_hub:auto_hub|alt_sld_fab_with_jtag_input:\instrumentation_fabric_with_node_gen:fabric_gen_new_way:with_jtag_input_gen:instrumentation_fabric                                                                                                                                                                                           ; alt_sld_fab_with_jtag_input       ; altera_sld   ;
;          |alt_sld_fab:instrumentation_fabric|                                                                                           ; 97 (0)              ; 86 (0)                    ; 0                 ; 0          ; 0    ; 0            ; |aes_128_encrypt|sld_hub:auto_hub|alt_sld_fab_with_jtag_input:\instrumentation_fabric_with_node_gen:fabric_gen_new_way:with_jtag_input_gen:instrumentation_fabric|alt_sld_fab:instrumentation_fabric                                                                                                                                                        ; alt_sld_fab                       ; alt_sld_fab  ;
;             |alt_sld_fab_alt_sld_fab:alt_sld_fab|                                                                                       ; 97 (1)              ; 86 (5)                    ; 0                 ; 0          ; 0    ; 0            ; |aes_128_encrypt|sld_hub:auto_hub|alt_sld_fab_with_jtag_input:\instrumentation_fabric_with_node_gen:fabric_gen_new_way:with_jtag_input_gen:instrumentation_fabric|alt_sld_fab:instrumentation_fabric|alt_sld_fab_alt_sld_fab:alt_sld_fab                                                                                                                    ; alt_sld_fab_alt_sld_fab           ; alt_sld_fab  ;
;                |alt_sld_fab_alt_sld_fab_sldfabric:sldfabric|                                                                            ; 96 (0)              ; 81 (0)                    ; 0                 ; 0          ; 0    ; 0            ; |aes_128_encrypt|sld_hub:auto_hub|alt_sld_fab_with_jtag_input:\instrumentation_fabric_with_node_gen:fabric_gen_new_way:with_jtag_input_gen:instrumentation_fabric|alt_sld_fab:instrumentation_fabric|alt_sld_fab_alt_sld_fab:alt_sld_fab|alt_sld_fab_alt_sld_fab_sldfabric:sldfabric                                                                        ; alt_sld_fab_alt_sld_fab_sldfabric ; alt_sld_fab  ;
;                   |sld_jtag_hub:\jtag_hub_gen:real_sld_jtag_hub|                                                                        ; 96 (63)             ; 81 (53)                   ; 0                 ; 0          ; 0    ; 0            ; |aes_128_encrypt|sld_hub:auto_hub|alt_sld_fab_with_jtag_input:\instrumentation_fabric_with_node_gen:fabric_gen_new_way:with_jtag_input_gen:instrumentation_fabric|alt_sld_fab:instrumentation_fabric|alt_sld_fab_alt_sld_fab:alt_sld_fab|alt_sld_fab_alt_sld_fab_sldfabric:sldfabric|sld_jtag_hub:\jtag_hub_gen:real_sld_jtag_hub                           ; sld_jtag_hub                      ; work         ;
;                      |sld_rom_sr:hub_info_reg|                                                                                          ; 14 (14)             ; 9 (9)                     ; 0                 ; 0          ; 0    ; 0            ; |aes_128_encrypt|sld_hub:auto_hub|alt_sld_fab_with_jtag_input:\instrumentation_fabric_with_node_gen:fabric_gen_new_way:with_jtag_input_gen:instrumentation_fabric|alt_sld_fab:instrumentation_fabric|alt_sld_fab_alt_sld_fab:alt_sld_fab|alt_sld_fab_alt_sld_fab_sldfabric:sldfabric|sld_jtag_hub:\jtag_hub_gen:real_sld_jtag_hub|sld_rom_sr:hub_info_reg   ; sld_rom_sr                        ; work         ;
;                      |sld_shadow_jsm:shadow_jsm|                                                                                        ; 19 (19)             ; 19 (19)                   ; 0                 ; 0          ; 0    ; 0            ; |aes_128_encrypt|sld_hub:auto_hub|alt_sld_fab_with_jtag_input:\instrumentation_fabric_with_node_gen:fabric_gen_new_way:with_jtag_input_gen:instrumentation_fabric|alt_sld_fab:instrumentation_fabric|alt_sld_fab_alt_sld_fab:alt_sld_fab|alt_sld_fab_alt_sld_fab_sldfabric:sldfabric|sld_jtag_hub:\jtag_hub_gen:real_sld_jtag_hub|sld_shadow_jsm:shadow_jsm ; sld_shadow_jsm                    ; altera_sld   ;
+-----------------------------------------------------------------------------------------------------------------------------------------+---------------------+---------------------------+-------------------+------------+------+--------------+-------------------------------------------------------------------------------------------------------------------------------------------------------------------------------------------------------------------------------------------------------------------------------------------------------------------------------------------------------------+-----------------------------------+--------------+
Note: For table entries with two numbers listed, the numbers in parentheses indicate the number of resources of the given type used by the specific entity alone. The numbers listed outside of parentheses indicate the total resources of the given type used by the specific entity and all of its sub-entities in the hierarchy.


+----------------------------------------------------------------------------------------------------------------------------------------------------------------------------------------------------------------------------+
; Analysis & Synthesis RAM Summary                                                                                                                                                                                           ;
+--------------------------------------------------------------------------------------------------------------------------+------+----------------+--------------+--------------+--------------+--------------+------+------+
; Name                                                                                                                     ; Type ; Mode           ; Port A Depth ; Port A Width ; Port B Depth ; Port B Width ; Size ; MIF  ;
+--------------------------------------------------------------------------------------------------------------------------+------+----------------+--------------+--------------+--------------+--------------+------+------+
; ram:ram_large_ins0|altsyncram:altsyncram_component|altsyncram_fen1:auto_generated|altsyncram_qtd2:altsyncram1|ALTSYNCRAM ; AUTO ; True Dual Port ; 32           ; 128          ; 32           ; 128          ; 4096 ; None ;
+--------------------------------------------------------------------------------------------------------------------------+------+----------------+--------------+--------------+--------------+--------------+------+------+


+------------------------------------------------------------------------------------------------------------------------------------------------------------------------------------------------------------------------------------------------------------------------------------------------------------------------------------------------------------------------+
; Analysis & Synthesis IP Cores Summary                                                                                                                                                                                                                                                                                                                                  ;
+--------+--------------+---------+--------------+--------------+--------------------------------------------------------------------------------------------------------------------------------------------------------------------------------------------------------------------------------------------------------------------------------------+-----------------+
; Vendor ; IP Core Name ; Version ; Release Date ; License Type ; Entity Instance                                                                                                                                                                                                                                                                      ; IP Include File ;
+--------+--------------+---------+--------------+--------------+--------------------------------------------------------------------------------------------------------------------------------------------------------------------------------------------------------------------------------------------------------------------------------------+-----------------+
; Altera ; Signal Tap   ; N/A     ; N/A          ; Licensed     ; |aes_128_encrypt|sld_hub:auto_hub|alt_sld_fab_with_jtag_input:\instrumentation_fabric_with_node_gen:fabric_gen_new_way:with_jtag_input_gen:instrumentation_fabric|alt_sld_fab:instrumentation_fabric                                                                                 ;                 ;
; Altera ; Signal Tap   ; N/A     ; N/A          ; Licensed     ; |aes_128_encrypt|sld_hub:auto_hub|alt_sld_fab_with_jtag_input:\instrumentation_fabric_with_node_gen:fabric_gen_new_way:with_jtag_input_gen:instrumentation_fabric|alt_sld_fab:instrumentation_fabric|alt_sld_fab_alt_sld_fab:alt_sld_fab                                             ;                 ;
; Altera ; Signal Tap   ; N/A     ; N/A          ; Licensed     ; |aes_128_encrypt|sld_hub:auto_hub|alt_sld_fab_with_jtag_input:\instrumentation_fabric_with_node_gen:fabric_gen_new_way:with_jtag_input_gen:instrumentation_fabric|alt_sld_fab:instrumentation_fabric|alt_sld_fab_alt_sld_fab:alt_sld_fab|alt_sld_fab_alt_sld_fab_presplit:presplit   ;                 ;
; Altera ; Signal Tap   ; N/A     ; N/A          ; Licensed     ; |aes_128_encrypt|sld_hub:auto_hub|alt_sld_fab_with_jtag_input:\instrumentation_fabric_with_node_gen:fabric_gen_new_way:with_jtag_input_gen:instrumentation_fabric|alt_sld_fab:instrumentation_fabric|alt_sld_fab_alt_sld_fab:alt_sld_fab|alt_sld_fab_alt_sld_fab_sldfabric:sldfabric ;                 ;
; Altera ; Signal Tap   ; N/A     ; N/A          ; Licensed     ; |aes_128_encrypt|sld_hub:auto_hub|alt_sld_fab_with_jtag_input:\instrumentation_fabric_with_node_gen:fabric_gen_new_way:with_jtag_input_gen:instrumentation_fabric|alt_sld_fab:instrumentation_fabric|alt_sld_fab_alt_sld_fab:alt_sld_fab|alt_sld_fab_alt_sld_fab_splitter:splitter   ;                 ;
; Altera ; RAM: 1-PORT  ; 22.1    ; N/A          ; N/A          ; |aes_128_encrypt|ram:ram_large_ins0                                                                                                                                                                                                                                                  ; ram.v           ;
+--------+--------------+---------+--------------+--------------+--------------------------------------------------------------------------------------------------------------------------------------------------------------------------------------------------------------------------------------------------------------------------------------+-----------------+


Encoding Type:  One-Hot
+--------------------------------------+
; State Machine - |aes_128_encrypt|cmd ;
+--------+--------+--------+-----------+
; Name   ; cmd.11 ; cmd.01 ; cmd.10    ;
+--------+--------+--------+-----------+
; cmd.11 ; 0      ; 0      ; 0         ;
; cmd.10 ; 1      ; 0      ; 1         ;
; cmd.01 ; 1      ; 1      ; 0         ;
+--------+--------+--------+-----------+


Encoding Type:  One-Hot
+--------------------------------------------------------------------------+
; State Machine - |aes_128_encrypt|state_cnt                               ;
+--------------+--------------+--------------+--------------+--------------+
; Name         ; state_cnt.11 ; state_cnt.10 ; state_cnt.01 ; state_cnt.00 ;
+--------------+--------------+--------------+--------------+--------------+
; state_cnt.00 ; 0            ; 0            ; 0            ; 0            ;
; state_cnt.01 ; 0            ; 0            ; 1            ; 1            ;
; state_cnt.10 ; 0            ; 1            ; 0            ; 1            ;
; state_cnt.11 ; 1            ; 0            ; 0            ; 1            ;
+--------------+--------------+--------------+--------------+--------------+


+--------------------------------------------------------------------------------+
; Registers Removed During Synthesis                                             ;
+---------------------------------------+----------------------------------------+
; Register name                         ; Reason for Removal                     ;
+---------------------------------------+----------------------------------------+
; addr[3,4]                             ; Merged with addr[2]                    ;
; addr[2]                               ; Stuck at GND due to stuck port data_in ;
; state_cnt~7                           ; Lost fanout                            ;
; state_cnt~8                           ; Lost fanout                            ;
; Total Number of Removed Registers = 5 ;                                        ;
+---------------------------------------+----------------------------------------+


+------------------------------------------------------+
; General Register Statistics                          ;
+----------------------------------------------+-------+
; Statistic                                    ; Value ;
+----------------------------------------------+-------+
; Total registers                              ; 770   ;
; Number of registers using Synchronous Clear  ; 16    ;
; Number of registers using Synchronous Load   ; 258   ;
; Number of registers using Asynchronous Clear ; 324   ;
; Number of registers using Asynchronous Load  ; 0     ;
; Number of registers using Clock Enable       ; 732   ;
; Number of registers using Preset             ; 0     ;
+----------------------------------------------+-------+


+-------------------------------------------------------------------------------------------------------------------------------------------------------------------------------------------------------------------------------------------------------------------------------------------------------------------------------------------+
; Inverted Register Statistics                                                                                                                                                                                                                                                                                                              ;
+---------------------------------------------------------------------------------------------------------------------------------------------------------------------------------------------------------------------------------------------------------------------------------------------------------------------------------+---------+
; Inverted Register                                                                                                                                                                                                                                                                                                               ; Fan out ;
+---------------------------------------------------------------------------------------------------------------------------------------------------------------------------------------------------------------------------------------------------------------------------------------------------------------------------------+---------+
; complt_                                                                                                                                                                                                                                                                                                                         ; 6       ;
; sld_hub:auto_hub|alt_sld_fab_with_jtag_input:\instrumentation_fabric_with_node_gen:fabric_gen_new_way:with_jtag_input_gen:instrumentation_fabric|alt_sld_fab:instrumentation_fabric|alt_sld_fab_alt_sld_fab:alt_sld_fab|alt_sld_fab_alt_sld_fab_sldfabric:sldfabric|sld_jtag_hub:\jtag_hub_gen:real_sld_jtag_hub|jtag_ir_reg[1] ; 3       ;
; sld_hub:auto_hub|alt_sld_fab_with_jtag_input:\instrumentation_fabric_with_node_gen:fabric_gen_new_way:with_jtag_input_gen:instrumentation_fabric|alt_sld_fab:instrumentation_fabric|alt_sld_fab_alt_sld_fab:alt_sld_fab|alt_sld_fab_alt_sld_fab_sldfabric:sldfabric|sld_jtag_hub:\jtag_hub_gen:real_sld_jtag_hub|jtag_ir_reg[2] ; 3       ;
; Total number of inverted registers = 3                                                                                                                                                                                                                                                                                          ;         ;
+---------------------------------------------------------------------------------------------------------------------------------------------------------------------------------------------------------------------------------------------------------------------------------------------------------------------------------+---------+


+---------------------------------------------------------------------------------------------------------------------------------------------------------------------------------------------------------------------------------------------------------------------------------------------------------------+
; Multiplexer Restructuring Statistics (Restructuring Performed)                                                                                                                                                                                                                                                ;
+--------------------+-----------+---------------+----------------------+------------------------+------------+-------------------------------------------------------------------------------------------------------------------------------------------------------------------------------------------------+
; Multiplexer Inputs ; Bus Width ; Baseline Area ; Area if Restructured ; Saving if Restructured ; Registered ; Example Multiplexer Output                                                                                                                                                                      ;
+--------------------+-----------+---------------+----------------------+------------------------+------------+-------------------------------------------------------------------------------------------------------------------------------------------------------------------------------------------------+
; 3:1                ; 4 bits    ; 8 LEs         ; 4 LEs                ; 4 LEs                  ; Yes        ; |aes_128_encrypt|round_cnt[1]                                                                                                                                                                   ;
; 3:1                ; 128 bits  ; 256 LEs       ; 0 LEs                ; 256 LEs                ; Yes        ; |aes_128_encrypt|ram:ram_large_ins0|altsyncram:altsyncram_component|altsyncram_fen1:auto_generated|sld_mod_ram_rom:mgl_prim2|ram_rom_data_reg[66]                                               ;
; 3:1                ; 8 bits    ; 16 LEs        ; 0 LEs                ; 16 LEs                 ; Yes        ; |aes_128_encrypt|ram:ram_large_ins0|altsyncram:altsyncram_component|altsyncram_fen1:auto_generated|sld_mod_ram_rom:mgl_prim2|ram_rom_data_shift_cntr_reg[6]                                     ;
; 3:1                ; 5 bits    ; 10 LEs        ; 5 LEs                ; 5 LEs                  ; Yes        ; |aes_128_encrypt|ram:ram_large_ins0|altsyncram:altsyncram_component|altsyncram_fen1:auto_generated|sld_mod_ram_rom:mgl_prim2|ram_rom_addr_reg[4]                                                ;
; 4:1                ; 5 bits    ; 10 LEs        ; 10 LEs               ; 0 LEs                  ; Yes        ; |aes_128_encrypt|ram:ram_large_ins0|altsyncram:altsyncram_component|altsyncram_fen1:auto_generated|sld_mod_ram_rom:mgl_prim2|sld_rom_sr:\ram_rom_logic_gen:name_gen:info_rom_sr|word_counter[0] ;
; 6:1                ; 128 bits  ; 512 LEs       ; 256 LEs              ; 256 LEs                ; Yes        ; |aes_128_encrypt|state_reg[23]                                                                                                                                                                  ;
; 6:1                ; 2 bits    ; 8 LEs         ; 4 LEs                ; 4 LEs                  ; Yes        ; |aes_128_encrypt|addr[1]                                                                                                                                                                        ;
; 26:1               ; 4 bits    ; 68 LEs        ; 52 LEs               ; 16 LEs                 ; Yes        ; |aes_128_encrypt|ram:ram_large_ins0|altsyncram:altsyncram_component|altsyncram_fen1:auto_generated|sld_mod_ram_rom:mgl_prim2|sld_rom_sr:\ram_rom_logic_gen:name_gen:info_rom_sr|WORD_SR[0]      ;
; 5:1                ; 2 bits    ; 6 LEs         ; 4 LEs                ; 2 LEs                  ; No         ; |aes_128_encrypt|Selector0                                                                                                                                                                      ;
+--------------------+-----------+---------------+----------------------+------------------------+------------+-------------------------------------------------------------------------------------------------------------------------------------------------------------------------------------------------+


+--------------------------------------------------------------------------------------------------------------------------------------+
; Source assignments for ram:ram_large_ins0|altsyncram:altsyncram_component|altsyncram_fen1:auto_generated|altsyncram_qtd2:altsyncram1 ;
+---------------------------------+--------------------+------+------------------------------------------------------------------------+
; Assignment                      ; Value              ; From ; To                                                                     ;
+---------------------------------+--------------------+------+------------------------------------------------------------------------+
; OPTIMIZE_POWER_DURING_SYNTHESIS ; NORMAL_COMPILATION ; -    ; -                                                                      ;
+---------------------------------+--------------------+------+------------------------------------------------------------------------+


+-------------------------------------------------------------------------------------------------+
; Parameter Settings for User Entity Instance: ram:ram_large_ins0|altsyncram:altsyncram_component ;
+------------------------------------+----------------------+-------------------------------------+
; Parameter Name                     ; Value                ; Type                                ;
+------------------------------------+----------------------+-------------------------------------+
; BYTE_SIZE_BLOCK                    ; 8                    ; Untyped                             ;
; AUTO_CARRY_CHAINS                  ; ON                   ; AUTO_CARRY                          ;
; IGNORE_CARRY_BUFFERS               ; OFF                  ; IGNORE_CARRY                        ;
; AUTO_CASCADE_CHAINS                ; ON                   ; AUTO_CASCADE                        ;
; IGNORE_CASCADE_BUFFERS             ; OFF                  ; IGNORE_CASCADE                      ;
; WIDTH_BYTEENA                      ; 1                    ; Untyped                             ;
; OPERATION_MODE                     ; SINGLE_PORT          ; Untyped                             ;
; WIDTH_A                            ; 128                  ; Signed Integer                      ;
; WIDTHAD_A                          ; 5                    ; Signed Integer                      ;
; NUMWORDS_A                         ; 32                   ; Signed Integer                      ;
; OUTDATA_REG_A                      ; CLOCK0               ; Untyped                             ;
; ADDRESS_ACLR_A                     ; NONE                 ; Untyped                             ;
; OUTDATA_ACLR_A                     ; NONE                 ; Untyped                             ;
; WRCONTROL_ACLR_A                   ; NONE                 ; Untyped                             ;
; INDATA_ACLR_A                      ; NONE                 ; Untyped                             ;
; BYTEENA_ACLR_A                     ; NONE                 ; Untyped                             ;
; WIDTH_B                            ; 1                    ; Untyped                             ;
; WIDTHAD_B                          ; 1                    ; Untyped                             ;
; NUMWORDS_B                         ; 1                    ; Untyped                             ;
; INDATA_REG_B                       ; CLOCK1               ; Untyped                             ;
; WRCONTROL_WRADDRESS_REG_B          ; CLOCK1               ; Untyped                             ;
; RDCONTROL_REG_B                    ; CLOCK1               ; Untyped                             ;
; ADDRESS_REG_B                      ; CLOCK1               ; Untyped                             ;
; OUTDATA_REG_B                      ; UNREGISTERED         ; Untyped                             ;
; BYTEENA_REG_B                      ; CLOCK1               ; Untyped                             ;
; INDATA_ACLR_B                      ; NONE                 ; Untyped                             ;
; WRCONTROL_ACLR_B                   ; NONE                 ; Untyped                             ;
; ADDRESS_ACLR_B                     ; NONE                 ; Untyped                             ;
; OUTDATA_ACLR_B                     ; NONE                 ; Untyped                             ;
; RDCONTROL_ACLR_B                   ; NONE                 ; Untyped                             ;
; BYTEENA_ACLR_B                     ; NONE                 ; Untyped                             ;
; WIDTH_BYTEENA_A                    ; 1                    ; Signed Integer                      ;
; WIDTH_BYTEENA_B                    ; 1                    ; Untyped                             ;
; RAM_BLOCK_TYPE                     ; AUTO                 ; Untyped                             ;
; BYTE_SIZE                          ; 8                    ; Untyped                             ;
; READ_DURING_WRITE_MODE_MIXED_PORTS ; DONT_CARE            ; Untyped                             ;
; READ_DURING_WRITE_MODE_PORT_A      ; NEW_DATA_NO_NBE_READ ; Untyped                             ;
; READ_DURING_WRITE_MODE_PORT_B      ; NEW_DATA_NO_NBE_READ ; Untyped                             ;
; INIT_FILE                          ; UNUSED               ; Untyped                             ;
; INIT_FILE_LAYOUT                   ; PORT_A               ; Untyped                             ;
; MAXIMUM_DEPTH                      ; 0                    ; Untyped                             ;
; CLOCK_ENABLE_INPUT_A               ; BYPASS               ; Untyped                             ;
; CLOCK_ENABLE_INPUT_B               ; NORMAL               ; Untyped                             ;
; CLOCK_ENABLE_OUTPUT_A              ; BYPASS               ; Untyped                             ;
; CLOCK_ENABLE_OUTPUT_B              ; NORMAL               ; Untyped                             ;
; CLOCK_ENABLE_CORE_A                ; USE_INPUT_CLKEN      ; Untyped                             ;
; CLOCK_ENABLE_CORE_B                ; USE_INPUT_CLKEN      ; Untyped                             ;
; ENABLE_ECC                         ; FALSE                ; Untyped                             ;
; ECC_PIPELINE_STAGE_ENABLED         ; FALSE                ; Untyped                             ;
; WIDTH_ECCSTATUS                    ; 3                    ; Untyped                             ;
; DEVICE_FAMILY                      ; Cyclone V            ; Untyped                             ;
; CBXI_PARAMETER                     ; altsyncram_fen1      ; Untyped                             ;
+------------------------------------+----------------------+-------------------------------------+
Note: In order to hide this table in the UI and the text report file, please set the "Show Parameter Settings in Synthesis Report" option in "Analysis and Synthesis Settings -> More Settings" to "Off".


+------------------------------------------------------------------------------------------------+
; altsyncram Parameter Settings by Entity Instance                                               ;
+-------------------------------------------+----------------------------------------------------+
; Name                                      ; Value                                              ;
+-------------------------------------------+----------------------------------------------------+
; Number of entity instances                ; 1                                                  ;
; Entity Instance                           ; ram:ram_large_ins0|altsyncram:altsyncram_component ;
;     -- OPERATION_MODE                     ; SINGLE_PORT                                        ;
;     -- WIDTH_A                            ; 128                                                ;
;     -- NUMWORDS_A                         ; 32                                                 ;
;     -- OUTDATA_REG_A                      ; CLOCK0                                             ;
;     -- WIDTH_B                            ; 1                                                  ;
;     -- NUMWORDS_B                         ; 1                                                  ;
;     -- ADDRESS_REG_B                      ; CLOCK1                                             ;
;     -- OUTDATA_REG_B                      ; UNREGISTERED                                       ;
;     -- RAM_BLOCK_TYPE                     ; AUTO                                               ;
;     -- READ_DURING_WRITE_MODE_MIXED_PORTS ; DONT_CARE                                          ;
+-------------------------------------------+----------------------------------------------------+


+--------------------------------------------------+
; Port Connectivity Checks: "rounds:r"             ;
+------+-------+----------+------------------------+
; Port ; Type  ; Severity ; Details                ;
+------+-------+----------+------------------------+
; clk  ; Input ; Info     ; Explicitly unconnected ;
+------+-------+----------+------------------------+


+-----------------------------------------------------------------------------------------------------------------------------------------------------------------------------------------------------------------+
; Port Connectivity Checks: "ram:ram_large_ins0"                                                                                                                                                                  ;
+---------+-------+----------+------------------------------------------------------------------------------------------------------------------------------------------------------------------------------------+
; Port    ; Type  ; Severity ; Details                                                                                                                                                                            ;
+---------+-------+----------+------------------------------------------------------------------------------------------------------------------------------------------------------------------------------------+
; address ; Input ; Warning  ; Input port expression (32 bits) is wider than the input port (5 bits) it drives.  The 27 most-significant bit(s) in the expression will be dangling if they have no other fanouts. ;
; data    ; Input ; Warning  ; Input port expression (1 bits) is smaller than the input port (128 bits) it drives.  Extra input bit(s) "data[127..1]" will be connected to GND.                                   ;
; wren    ; Input ; Info     ; Stuck at GND                                                                                                                                                                       ;
+---------+-------+----------+------------------------------------------------------------------------------------------------------------------------------------------------------------------------------------+


+-----------------------------------------------------------------------------------------------------------------------------------------------+
; In-System Memory Content Editor Settings                                                                                                      ;
+----------------+-------------+-------+-------+------------+-----------------------------------------------------------------------------------+
; Instance Index ; Instance ID ; Width ; Depth ; Mode       ; Hierarchy Location                                                                ;
+----------------+-------------+-------+-------+------------+-----------------------------------------------------------------------------------+
; 0              ; 128         ; 128   ; 32    ; Read/Write ; ram:ram_large_ins0|altsyncram:altsyncram_component|altsyncram_fen1:auto_generated ;
+----------------+-------------+-------+-------+------------+-----------------------------------------------------------------------------------+


+-----------------------------------------------------+
; Post-Synthesis Netlist Statistics for Top Partition ;
+-----------------------+-----------------------------+
; Type                  ; Count                       ;
+-----------------------+-----------------------------+
; arriav_ff             ; 684                         ;
;     CLR               ; 10                          ;
;     ENA               ; 137                         ;
;     ENA CLR           ; 271                         ;
;     ENA CLR SCLR      ; 9                           ;
;     ENA CLR SLD       ; 1                           ;
;     ENA SLD           ; 256                         ;
; arriav_lcell_comb     ; 1427                        ;
;     arith             ; 8                           ;
;         1 data inputs ; 8                           ;
;     extend            ; 4                           ;
;         7 data inputs ; 4                           ;
;     normal            ; 1415                        ;
;         0 data inputs ; 1                           ;
;         1 data inputs ; 1                           ;
;         2 data inputs ; 47                          ;
;         3 data inputs ; 67                          ;
;         4 data inputs ; 218                         ;
;         5 data inputs ; 126                         ;
;         6 data inputs ; 955                         ;
; boundary_port         ; 32                          ;
; stratixv_ram_block    ; 128                         ;
;                       ;                             ;
; Max LUT depth         ; 5.00                        ;
; Average LUT depth     ; 3.72                        ;
+-----------------------+-----------------------------+


+-------------------------------+
; Elapsed Time Per Partition    ;
+----------------+--------------+
; Partition Name ; Elapsed Time ;
+----------------+--------------+
; Top            ; 00:00:07     ;
+----------------+--------------+


+-------------------------------+
; Analysis & Synthesis Messages ;
+-------------------------------+
Info: *******************************************************************
Info: Running Quartus Prime Analysis & Synthesis
    Info: Version 22.1std.0 Build 915 10/25/2022 SC Lite Edition
    Info: Processing started: Tue Apr 11 20:13:44 2023
Info: Command: quartus_map --read_settings_files=on --write_settings_files=off aes_128_encrypt -c aes_128_encrypt
Warning (18236): Number of processors has not been specified which may cause overloading on shared machines.  Set the global assignment NUM_PARALLEL_PROCESSORS in your QSF to an appropriate value for best performance.
Info (20030): Parallel compilation is enabled and will use 4 of the 4 processors detected
Info (12021): Found 1 design units, including 1 entities, in source file subbytes.v
    Info (12023): Found entity 1: subbytes File: A:/CMU/Courses/18632_Intro_to_HW_security/Lab2/18632_lab2_checkpoint1_v1-main/18632_lab2_checkpoint1_v1-main/aes_128_lab2_v2/subbytes.v Line: 3
Info (12021): Found 1 design units, including 1 entities, in source file shiftrow.v
    Info (12023): Found entity 1: shiftrow File: A:/CMU/Courses/18632_Intro_to_HW_security/Lab2/18632_lab2_checkpoint1_v1-main/18632_lab2_checkpoint1_v1-main/aes_128_lab2_v2/shiftrow.v Line: 3
Info (12021): Found 1 design units, including 1 entities, in source file sbox.v
    Info (12023): Found entity 1: sbox File: A:/CMU/Courses/18632_Intro_to_HW_security/Lab2/18632_lab2_checkpoint1_v1-main/18632_lab2_checkpoint1_v1-main/aes_128_lab2_v2/sbox.v Line: 3
Info (12021): Found 1 design units, including 1 entities, in source file rounds.v
    Info (12023): Found entity 1: rounds File: A:/CMU/Courses/18632_Intro_to_HW_security/Lab2/18632_lab2_checkpoint1_v1-main/18632_lab2_checkpoint1_v1-main/aes_128_lab2_v2/rounds.v Line: 3
Info (12021): Found 1 design units, including 1 entities, in source file mixcolumn.v
    Info (12023): Found entity 1: mixcolumn File: A:/CMU/Courses/18632_Intro_to_HW_security/Lab2/18632_lab2_checkpoint1_v1-main/18632_lab2_checkpoint1_v1-main/aes_128_lab2_v2/mixcolumn.v Line: 3
Info (12021): Found 1 design units, including 1 entities, in source file keygeneration.v
    Info (12023): Found entity 1: KeyGeneration File: A:/CMU/Courses/18632_Intro_to_HW_security/Lab2/18632_lab2_checkpoint1_v1-main/18632_lab2_checkpoint1_v1-main/aes_128_lab2_v2/KeyGeneration.v Line: 3
Info (12021): Found 1 design units, including 1 entities, in source file aescipher.v
    Info (12023): Found entity 1: aes_128_encrypt File: A:/CMU/Courses/18632_Intro_to_HW_security/Lab2/18632_lab2_checkpoint1_v1-main/18632_lab2_checkpoint1_v1-main/aes_128_lab2_v2/aescipher.v Line: 18
Info (12021): Found 1 design units, including 1 entities, in source file ram.v
    Info (12023): Found entity 1: ram File: A:/CMU/Courses/18632_Intro_to_HW_security/Lab2/18632_lab2_checkpoint1_v1-main/18632_lab2_checkpoint1_v1-main/aes_128_lab2_v2/ram.v Line: 40
Warning (10236): Verilog HDL Implicit Net warning at aescipher.v(49): created implicit net for "data" File: A:/CMU/Courses/18632_Intro_to_HW_security/Lab2/18632_lab2_checkpoint1_v1-main/18632_lab2_checkpoint1_v1-main/aes_128_lab2_v2/aescipher.v Line: 49
Warning (10236): Verilog HDL Implicit Net warning at aescipher.v(78): created implicit net for "dout" File: A:/CMU/Courses/18632_Intro_to_HW_security/Lab2/18632_lab2_checkpoint1_v1-main/18632_lab2_checkpoint1_v1-main/aes_128_lab2_v2/aescipher.v Line: 78
Info (12127): Elaborating entity "aes_128_encrypt" for the top level hierarchy
Warning (10036): Verilog HDL or VHDL warning at aescipher.v(78): object "dout" assigned a value but never read File: A:/CMU/Courses/18632_Intro_to_HW_security/Lab2/18632_lab2_checkpoint1_v1-main/18632_lab2_checkpoint1_v1-main/aes_128_lab2_v2/aescipher.v Line: 78
Warning (10036): Verilog HDL or VHDL warning at aescipher.v(38): object "input_key" assigned a value but never read File: A:/CMU/Courses/18632_Intro_to_HW_security/Lab2/18632_lab2_checkpoint1_v1-main/18632_lab2_checkpoint1_v1-main/aes_128_lab2_v2/aescipher.v Line: 38
Warning (10036): Verilog HDL or VHDL warning at aescipher.v(39): object "plain_text" assigned a value but never read File: A:/CMU/Courses/18632_Intro_to_HW_security/Lab2/18632_lab2_checkpoint1_v1-main/18632_lab2_checkpoint1_v1-main/aes_128_lab2_v2/aescipher.v Line: 39
Warning (10036): Verilog HDL or VHDL warning at aescipher.v(54): object "plain_ok_" assigned a value but never read File: A:/CMU/Courses/18632_Intro_to_HW_security/Lab2/18632_lab2_checkpoint1_v1-main/18632_lab2_checkpoint1_v1-main/aes_128_lab2_v2/aescipher.v Line: 54
Warning (10036): Verilog HDL or VHDL warning at aescipher.v(55): object "key_ok_" assigned a value but never read File: A:/CMU/Courses/18632_Intro_to_HW_security/Lab2/18632_lab2_checkpoint1_v1-main/18632_lab2_checkpoint1_v1-main/aes_128_lab2_v2/aescipher.v Line: 55
Warning (10036): Verilog HDL or VHDL warning at aescipher.v(57): object "key_count" assigned a value but never read File: A:/CMU/Courses/18632_Intro_to_HW_security/Lab2/18632_lab2_checkpoint1_v1-main/18632_lab2_checkpoint1_v1-main/aes_128_lab2_v2/aescipher.v Line: 57
Warning (10036): Verilog HDL or VHDL warning at aescipher.v(58): object "plain_count" assigned a value but never read File: A:/CMU/Courses/18632_Intro_to_HW_security/Lab2/18632_lab2_checkpoint1_v1-main/18632_lab2_checkpoint1_v1-main/aes_128_lab2_v2/aescipher.v Line: 58
Warning (10036): Verilog HDL or VHDL warning at aescipher.v(65): object "output_cnt" assigned a value but never read File: A:/CMU/Courses/18632_Intro_to_HW_security/Lab2/18632_lab2_checkpoint1_v1-main/18632_lab2_checkpoint1_v1-main/aes_128_lab2_v2/aescipher.v Line: 65
Warning (10036): Verilog HDL or VHDL warning at aescipher.v(86): object "count" assigned a value but never read File: A:/CMU/Courses/18632_Intro_to_HW_security/Lab2/18632_lab2_checkpoint1_v1-main/18632_lab2_checkpoint1_v1-main/aes_128_lab2_v2/aescipher.v Line: 86
Warning (10230): Verilog HDL assignment warning at aescipher.v(78): truncated value with size 8 to match size of target (1) File: A:/CMU/Courses/18632_Intro_to_HW_security/Lab2/18632_lab2_checkpoint1_v1-main/18632_lab2_checkpoint1_v1-main/aes_128_lab2_v2/aescipher.v Line: 78
Info (12128): Elaborating entity "ram" for hierarchy "ram:ram_large_ins0" File: A:/CMU/Courses/18632_Intro_to_HW_security/Lab2/18632_lab2_checkpoint1_v1-main/18632_lab2_checkpoint1_v1-main/aes_128_lab2_v2/aescipher.v Line: 49
Info (12128): Elaborating entity "altsyncram" for hierarchy "ram:ram_large_ins0|altsyncram:altsyncram_component" File: A:/CMU/Courses/18632_Intro_to_HW_security/Lab2/18632_lab2_checkpoint1_v1-main/18632_lab2_checkpoint1_v1-main/aes_128_lab2_v2/ram.v Line: 86
Info (12130): Elaborated megafunction instantiation "ram:ram_large_ins0|altsyncram:altsyncram_component" File: A:/CMU/Courses/18632_Intro_to_HW_security/Lab2/18632_lab2_checkpoint1_v1-main/18632_lab2_checkpoint1_v1-main/aes_128_lab2_v2/ram.v Line: 86
Info (12133): Instantiated megafunction "ram:ram_large_ins0|altsyncram:altsyncram_component" with the following parameter: File: A:/CMU/Courses/18632_Intro_to_HW_security/Lab2/18632_lab2_checkpoint1_v1-main/18632_lab2_checkpoint1_v1-main/aes_128_lab2_v2/ram.v Line: 86
    Info (12134): Parameter "clock_enable_input_a" = "BYPASS"
    Info (12134): Parameter "clock_enable_output_a" = "BYPASS"
    Info (12134): Parameter "intended_device_family" = "Cyclone V"
    Info (12134): Parameter "lpm_hint" = "ENABLE_RUNTIME_MOD=YES,INSTANCE_NAME=128"
    Info (12134): Parameter "lpm_type" = "altsyncram"
    Info (12134): Parameter "numwords_a" = "32"
    Info (12134): Parameter "operation_mode" = "SINGLE_PORT"
    Info (12134): Parameter "outdata_aclr_a" = "NONE"
    Info (12134): Parameter "outdata_reg_a" = "CLOCK0"
    Info (12134): Parameter "power_up_uninitialized" = "FALSE"
    Info (12134): Parameter "read_during_write_mode_port_a" = "NEW_DATA_NO_NBE_READ"
    Info (12134): Parameter "widthad_a" = "5"
    Info (12134): Parameter "width_a" = "128"
    Info (12134): Parameter "width_byteena_a" = "1"
Info (12021): Found 1 design units, including 1 entities, in source file db/altsyncram_fen1.tdf
    Info (12023): Found entity 1: altsyncram_fen1 File: A:/CMU/Courses/18632_Intro_to_HW_security/Lab2/18632_lab2_checkpoint1_v1-main/18632_lab2_checkpoint1_v1-main/aes_128_lab2_v2/db/altsyncram_fen1.tdf Line: 28
Info (12128): Elaborating entity "altsyncram_fen1" for hierarchy "ram:ram_large_ins0|altsyncram:altsyncram_component|altsyncram_fen1:auto_generated" File: c:/intelfpga_lite/22.1std/quartus/libraries/megafunctions/altsyncram.tdf Line: 792
Info (12021): Found 1 design units, including 1 entities, in source file db/altsyncram_qtd2.tdf
    Info (12023): Found entity 1: altsyncram_qtd2 File: A:/CMU/Courses/18632_Intro_to_HW_security/Lab2/18632_lab2_checkpoint1_v1-main/18632_lab2_checkpoint1_v1-main/aes_128_lab2_v2/db/altsyncram_qtd2.tdf Line: 28
Info (12128): Elaborating entity "altsyncram_qtd2" for hierarchy "ram:ram_large_ins0|altsyncram:altsyncram_component|altsyncram_fen1:auto_generated|altsyncram_qtd2:altsyncram1" File: A:/CMU/Courses/18632_Intro_to_HW_security/Lab2/18632_lab2_checkpoint1_v1-main/18632_lab2_checkpoint1_v1-main/aes_128_lab2_v2/db/altsyncram_fen1.tdf Line: 37
Info (12128): Elaborating entity "sld_mod_ram_rom" for hierarchy "ram:ram_large_ins0|altsyncram:altsyncram_component|altsyncram_fen1:auto_generated|sld_mod_ram_rom:mgl_prim2" File: A:/CMU/Courses/18632_Intro_to_HW_security/Lab2/18632_lab2_checkpoint1_v1-main/18632_lab2_checkpoint1_v1-main/aes_128_lab2_v2/db/altsyncram_fen1.tdf Line: 38
Info (12130): Elaborated megafunction instantiation "ram:ram_large_ins0|altsyncram:altsyncram_component|altsyncram_fen1:auto_generated|sld_mod_ram_rom:mgl_prim2" File: A:/CMU/Courses/18632_Intro_to_HW_security/Lab2/18632_lab2_checkpoint1_v1-main/18632_lab2_checkpoint1_v1-main/aes_128_lab2_v2/db/altsyncram_fen1.tdf Line: 38
Info (12133): Instantiated megafunction "ram:ram_large_ins0|altsyncram:altsyncram_component|altsyncram_fen1:auto_generated|sld_mod_ram_rom:mgl_prim2" with the following parameter: File: A:/CMU/Courses/18632_Intro_to_HW_security/Lab2/18632_lab2_checkpoint1_v1-main/18632_lab2_checkpoint1_v1-main/aes_128_lab2_v2/db/altsyncram_fen1.tdf Line: 38
    Info (12134): Parameter "CVALUE" = "00000000000000000000000000000000000000000000000000000000000000000000000000000000000000000000000000000000000000000000000000000000"
    Info (12134): Parameter "IS_DATA_IN_RAM" = "1"
    Info (12134): Parameter "IS_READABLE" = "1"
    Info (12134): Parameter "NODE_NAME" = "825374720"
    Info (12134): Parameter "NUMWORDS" = "32"
    Info (12134): Parameter "SHIFT_COUNT_BITS" = "8"
    Info (12134): Parameter "WIDTH_WORD" = "128"
    Info (12134): Parameter "WIDTHAD" = "5"
Info (12128): Elaborating entity "sld_jtag_endpoint_adapter" for hierarchy "ram:ram_large_ins0|altsyncram:altsyncram_component|altsyncram_fen1:auto_generated|sld_mod_ram_rom:mgl_prim2|sld_jtag_endpoint_adapter:jtag_signal_adapter" File: c:/intelfpga_lite/22.1std/quartus/libraries/megafunctions/sld_mod_ram_rom.vhd Line: 302
Info (12128): Elaborating entity "sld_jtag_endpoint_adapter_impl" for hierarchy "ram:ram_large_ins0|altsyncram:altsyncram_component|altsyncram_fen1:auto_generated|sld_mod_ram_rom:mgl_prim2|sld_jtag_endpoint_adapter:jtag_signal_adapter|sld_jtag_endpoint_adapter_impl:sld_jtag_endpoint_adapter_impl_inst" File: c:/intelfpga_lite/22.1std/quartus/libraries/megafunctions/sld_jtag_endpoint_adapter.vhd Line: 232
Info (12128): Elaborating entity "sld_rom_sr" for hierarchy "ram:ram_large_ins0|altsyncram:altsyncram_component|altsyncram_fen1:auto_generated|sld_mod_ram_rom:mgl_prim2|sld_rom_sr:\ram_rom_logic_gen:name_gen:info_rom_sr" File: c:/intelfpga_lite/22.1std/quartus/libraries/megafunctions/sld_mod_ram_rom.vhd Line: 828
Info (12128): Elaborating entity "rounds" for hierarchy "rounds:r" File: A:/CMU/Courses/18632_Intro_to_HW_security/Lab2/18632_lab2_checkpoint1_v1-main/18632_lab2_checkpoint1_v1-main/aes_128_lab2_v2/aescipher.v Line: 75
Info (12128): Elaborating entity "KeyGeneration" for hierarchy "rounds:r|KeyGeneration:t0" File: A:/CMU/Courses/18632_Intro_to_HW_security/Lab2/18632_lab2_checkpoint1_v1-main/18632_lab2_checkpoint1_v1-main/aes_128_lab2_v2/rounds.v Line: 13
Info (12128): Elaborating entity "sbox" for hierarchy "rounds:r|KeyGeneration:t0|sbox:a1" File: A:/CMU/Courses/18632_Intro_to_HW_security/Lab2/18632_lab2_checkpoint1_v1-main/18632_lab2_checkpoint1_v1-main/aes_128_lab2_v2/KeyGeneration.v Line: 24
Info (12128): Elaborating entity "subbytes" for hierarchy "rounds:r|subbytes:t1" File: A:/CMU/Courses/18632_Intro_to_HW_security/Lab2/18632_lab2_checkpoint1_v1-main/18632_lab2_checkpoint1_v1-main/aes_128_lab2_v2/rounds.v Line: 15
Info (12128): Elaborating entity "shiftrow" for hierarchy "rounds:r|shiftrow:t2" File: A:/CMU/Courses/18632_Intro_to_HW_security/Lab2/18632_lab2_checkpoint1_v1-main/18632_lab2_checkpoint1_v1-main/aes_128_lab2_v2/rounds.v Line: 16
Info (12128): Elaborating entity "mixcolumn" for hierarchy "rounds:r|mixcolumn:t3" File: A:/CMU/Courses/18632_Intro_to_HW_security/Lab2/18632_lab2_checkpoint1_v1-main/18632_lab2_checkpoint1_v1-main/aes_128_lab2_v2/rounds.v Line: 17
Info (11170): Starting IP generation for the debug fabric: alt_sld_fab.
Info (11172): 2023.04.11.20:14:09 Progress: Loading sld61842770/alt_sld_fab_wrapper_hw.tcl
Info (11172): Alt_sld_fab.alt_sld_fab: SLD fabric agents which did not specify prefer_host were connected to JTAG
Info (11172): Alt_sld_fab: Generating alt_sld_fab "alt_sld_fab" for QUARTUS_SYNTH
Info (11172): Alt_sld_fab: "alt_sld_fab" instantiated alt_sld_fab "alt_sld_fab"
Info (11172): Presplit: "alt_sld_fab" instantiated altera_super_splitter "presplit"
Info (11172): Splitter: "alt_sld_fab" instantiated altera_sld_splitter "splitter"
Info (11172): Sldfabric: "alt_sld_fab" instantiated altera_sld_jtag_hub "sldfabric"
Info (11172): Ident: "alt_sld_fab" instantiated altera_connection_identification_hub "ident"
Info (11172): Alt_sld_fab: Done "alt_sld_fab" with 6 modules, 6 files
Info (11171): Finished IP generation for the debug fabric: alt_sld_fab.
Info (12021): Found 1 design units, including 1 entities, in source file db/ip/sld61842770/alt_sld_fab.v
    Info (12023): Found entity 1: alt_sld_fab File: A:/CMU/Courses/18632_Intro_to_HW_security/Lab2/18632_lab2_checkpoint1_v1-main/18632_lab2_checkpoint1_v1-main/aes_128_lab2_v2/db/ip/sld61842770/alt_sld_fab.v Line: 9
Info (12021): Found 1 design units, including 1 entities, in source file db/ip/sld61842770/submodules/alt_sld_fab_alt_sld_fab.v
    Info (12023): Found entity 1: alt_sld_fab_alt_sld_fab File: A:/CMU/Courses/18632_Intro_to_HW_security/Lab2/18632_lab2_checkpoint1_v1-main/18632_lab2_checkpoint1_v1-main/aes_128_lab2_v2/db/ip/sld61842770/submodules/alt_sld_fab_alt_sld_fab.v Line: 9
Info (12021): Found 1 design units, including 1 entities, in source file db/ip/sld61842770/submodules/alt_sld_fab_alt_sld_fab_ident.sv
    Info (12023): Found entity 1: alt_sld_fab_alt_sld_fab_ident File: A:/CMU/Courses/18632_Intro_to_HW_security/Lab2/18632_lab2_checkpoint1_v1-main/18632_lab2_checkpoint1_v1-main/aes_128_lab2_v2/db/ip/sld61842770/submodules/alt_sld_fab_alt_sld_fab_ident.sv Line: 33
Info (12021): Found 1 design units, including 1 entities, in source file db/ip/sld61842770/submodules/alt_sld_fab_alt_sld_fab_presplit.sv
    Info (12023): Found entity 1: alt_sld_fab_alt_sld_fab_presplit File: A:/CMU/Courses/18632_Intro_to_HW_security/Lab2/18632_lab2_checkpoint1_v1-main/18632_lab2_checkpoint1_v1-main/aes_128_lab2_v2/db/ip/sld61842770/submodules/alt_sld_fab_alt_sld_fab_presplit.sv Line: 3
Info (12021): Found 2 design units, including 1 entities, in source file db/ip/sld61842770/submodules/alt_sld_fab_alt_sld_fab_sldfabric.vhd
    Info (12022): Found design unit 1: alt_sld_fab_alt_sld_fab_sldfabric-rtl File: A:/CMU/Courses/18632_Intro_to_HW_security/Lab2/18632_lab2_checkpoint1_v1-main/18632_lab2_checkpoint1_v1-main/aes_128_lab2_v2/db/ip/sld61842770/submodules/alt_sld_fab_alt_sld_fab_sldfabric.vhd Line: 102
    Info (12023): Found entity 1: alt_sld_fab_alt_sld_fab_sldfabric File: A:/CMU/Courses/18632_Intro_to_HW_security/Lab2/18632_lab2_checkpoint1_v1-main/18632_lab2_checkpoint1_v1-main/aes_128_lab2_v2/db/ip/sld61842770/submodules/alt_sld_fab_alt_sld_fab_sldfabric.vhd Line: 11
Info (12021): Found 1 design units, including 1 entities, in source file db/ip/sld61842770/submodules/alt_sld_fab_alt_sld_fab_splitter.sv
    Info (12023): Found entity 1: alt_sld_fab_alt_sld_fab_splitter File: A:/CMU/Courses/18632_Intro_to_HW_security/Lab2/18632_lab2_checkpoint1_v1-main/18632_lab2_checkpoint1_v1-main/aes_128_lab2_v2/db/ip/sld61842770/submodules/alt_sld_fab_alt_sld_fab_splitter.sv Line: 3
Info (276014): Found 4 instances of uninferred RAM logic
    Info (276007): RAM logic "rounds:r|KeyGeneration:t0|sbox:a4|Ram0" is uninferred due to asynchronous read logic File: A:/CMU/Courses/18632_Intro_to_HW_security/Lab2/18632_lab2_checkpoint1_v1-main/18632_lab2_checkpoint1_v1-main/aes_128_lab2_v2/sbox.v Line: 14
    Info (276007): RAM logic "rounds:r|KeyGeneration:t0|sbox:a3|Ram0" is uninferred due to asynchronous read logic File: A:/CMU/Courses/18632_Intro_to_HW_security/Lab2/18632_lab2_checkpoint1_v1-main/18632_lab2_checkpoint1_v1-main/aes_128_lab2_v2/sbox.v Line: 14
    Info (276007): RAM logic "rounds:r|KeyGeneration:t0|sbox:a2|Ram0" is uninferred due to asynchronous read logic File: A:/CMU/Courses/18632_Intro_to_HW_security/Lab2/18632_lab2_checkpoint1_v1-main/18632_lab2_checkpoint1_v1-main/aes_128_lab2_v2/sbox.v Line: 14
    Info (276007): RAM logic "rounds:r|KeyGeneration:t0|sbox:a1|Ram0" is uninferred due to asynchronous read logic File: A:/CMU/Courses/18632_Intro_to_HW_security/Lab2/18632_lab2_checkpoint1_v1-main/18632_lab2_checkpoint1_v1-main/aes_128_lab2_v2/sbox.v Line: 14
Warning (12241): 1 hierarchies have connectivity warnings - see the Connectivity Checks report folder
Info (286031): Timing-Driven Synthesis is running on partition "Top"
Info (17049): 2 registers lost all their fanouts during netlist optimizations.
Info (16010): Generating hard_block partition "hard_block:auto_generated_inst"
    Info (16011): Adding 9 node(s), including 0 DDIO, 0 PLL, 0 transceiver and 0 LCELL
Info (21057): Implemented 2208 device resources after synthesis - the final resource count might be different
    Info (21058): Implemented 5 input pins
    Info (21059): Implemented 4 output pins
    Info (21061): Implemented 2070 logic cells
    Info (21064): Implemented 128 RAM segments
Info: Quartus Prime Analysis & Synthesis was successful. 0 errors, 14 warnings
    Info: Peak virtual memory: 4929 megabytes
    Info: Processing ended: Tue Apr 11 20:14:32 2023
    Info: Elapsed time: 00:00:48
    Info: Total CPU time (on all processors): 00:00:44


